******************** Stress Settings ********************
Command:
  Type: read
  Count: -1
  No Warmup: false
  Consistency Level: LOCAL_ONE
  Target Uncertainty: 0.020
  Minimum Uncertainty Measurements: 30
  Maximum Uncertainty Measurements: 200
  Key Size (bytes): 10
  Counter Increment Distibution: add=fixed(1)
Rate:
  Auto: true
  Min Threads: 4
  Max Threads: 1000
Population:
  Distribution: Gaussian:  min=1,max=1000000,mean=500000.500000,stdev=166666.500000
  Order: ARBITRARY
  Wrap: false
Insert:
  Revisits: Uniform:  min=1,max=1000000
  Visits: Fixed:  key=1
  Row Population Ratio: Ratio: divisor=1.000000;delegate=Fixed:  key=1
  Batch Type: not batching
Columns:
  Max Columns Per Key: 5
  Column Names: [C0, C1, C2, C3, C4]
  Comparator: AsciiType
  Timestamp: null
  Variable Column Count: false
  Slice: false
  Size Distribution: Fixed:  key=34
  Count Distribution: Fixed:  key=5
Errors:
  Ignore: false
  Tries: 10
Log:
  No Summary: false
  No Settings: false
  File: /home/sondn/Workspace/Trial_and_error/streaming-ingestion/read-cassandra.log
  Interval Millis: 1000
  Level: NORMAL
Mode:
  API: JAVA_DRIVER_NATIVE
  Connection Style: CQL_PREPARED
  CQL Version: CQL3
  Protocol Version: V4
  Username: cassandra
  Password: *suppressed*
  Auth Provide Class: null
  Max Pending Per Connection: 128
  Connections Per Host: 8
  Compression: NONE
Node:
  Nodes: [localhost]
  Is White List: false
  Datacenter: null
Schema:
  Keyspace: keyspace1
  Replication Strategy: org.apache.cassandra.locator.SimpleStrategy
  Replication Strategy Pptions: {replication_factor=1}
  Table Compression: null
  Table Compaction Strategy: null
  Table Compaction Strategy Options: {}
Transport:
  factory=org.apache.cassandra.thrift.TFramedTransportFactory; truststore=null; truststore-password=null; keystore=null; keystore-password=null; ssl-protocol=TLS; ssl-alg=SunX509; store-type=JKS; ssl-ciphers=TLS_RSA_WITH_AES_128_CBC_SHA,TLS_RSA_WITH_AES_256_CBC_SHA; 
Port:
  Native Port: 9042
  Thrift Port: 9160
  JMX Port: 7199
Send To Daemon:
  *not set*
Graph:
  File: null
  Revision: unknown
  Title: null
  Operation: READ
TokenRange:
  Wrap: false
  Split Factor: 1

Sleeping 2s...
Warming up READ with 50000 iterations...
Thread count was not specified
WARNING: uncertainty mode (err<) results in uneven workload between thread runs, so should be used for high level analysis only

Running with 4 threadCount
Running READ with 4 threads until stderr of mean < 0.02
type       total ops,    op/s,    pk/s,   row/s,    mean,     med,     .95,     .99,    .999,     max,   time,   stderr, errors,  gc: #,  max ms,  sum ms,  sdv ms,      mb
total,          3808,    3808,    3808,    3808,     0.9,     0.6,     3.0,     5.8,    10.6,    37.0,    1.0,  0.00000,      0,      0,       0,       0,       0,       0
total,          8840,    5032,    5032,    5032,     0.8,     0.6,     1.5,     5.1,    14.6,    42.6,    2.0,  0.09992,      0,      0,       0,       0,       0,       0
total,         14909,    6069,    6069,    6069,     0.6,     0.5,     1.3,     3.5,     8.2,    12.2,    3.0,  0.10144,      0,      0,       0,       0,       0,       0
total,         22533,    7624,    7624,    7624,     0.5,     0.4,     0.9,     2.0,     7.8,    15.8,    4.0,  0.11938,      0,      0,       0,       0,       0,       0
total,         30691,    8158,    8158,    8158,     0.5,     0.4,     0.8,     1.6,     6.0,    13.1,    5.0,  0.11303,      0,      0,       0,       0,       0,       0
total,         39847,    9156,    9156,    9156,     0.4,     0.4,     0.7,     1.0,     5.6,    11.7,    6.0,  0.11014,      0,      0,       0,       0,       0,       0
total,         49818,    9971,    9971,    9971,     0.4,     0.3,     0.6,     0.9,     4.7,    12.9,    7.0,  0.10711,      0,      0,       0,       0,       0,       0
total,         59574,    9756,    9756,    9756,     0.4,     0.3,     0.6,     1.1,     3.8,    15.7,    8.0,  0.09858,      0,      0,       0,       0,       0,       0
total,         69543,    9969,    9969,    9969,     0.4,     0.3,     0.6,     0.9,     5.7,    17.7,    9.0,  0.09111,      0,      0,       0,       0,       0,       0
total,         79600,   10057,   10057,   10057,     0.4,     0.3,     0.6,     0.8,     5.2,    16.6,   10.0,  0.08427,      0,      0,       0,       0,       0,       0
total,         89622,   10022,   10022,   10022,     0.4,     0.3,     0.6,     0.9,     3.7,    10.4,   11.0,  0.07785,      0,      0,       0,       0,       0,       0
total,         99958,   10336,   10336,   10336,     0.4,     0.3,     0.6,     0.8,     3.8,    13.7,   12.0,  0.07282,      0,      0,       0,       0,       0,       0
total,        110094,   10136,   10136,   10136,     0.4,     0.3,     0.6,     0.9,     4.4,     7.8,   13.0,  0.06784,      0,      0,       0,       0,       0,       0
total,        120397,   10303,   10303,   10303,     0.4,     0.3,     0.6,     0.8,     3.5,    13.1,   14.0,  0.06372,      0,      0,       0,       0,       0,       0
total,        130960,   10563,   10563,   10563,     0.4,     0.3,     0.6,     0.7,     1.9,     4.8,   15.0,  0.06020,      0,      0,       0,       0,       0,       0
total,        141379,   10419,   10419,   10419,     0.4,     0.3,     0.5,     0.8,     3.5,    11.9,   16.0,  0.05692,      0,      0,       0,       0,       0,       0
total,        151931,   10552,   10552,   10552,     0.4,     0.3,     0.6,     0.8,     2.7,     4.1,   17.0,  0.05399,      0,      0,       0,       0,       0,       0
total,        161878,    9947,    9947,    9947,     0.4,     0.3,     0.6,     1.1,     5.3,    11.4,   18.0,  0.05103,      0,      0,       0,       0,       0,       0
total,        172397,   10519,   10519,   10519,     0.4,     0.3,     0.6,     0.8,     2.7,     5.5,   19.0,  0.04862,      0,      0,       0,       0,       0,       0
total,        181320,    8923,    8923,    8923,     0.4,     0.4,     0.7,     1.1,     3.7,    21.4,   20.0,  0.04621,      0,      0,       0,       0,       0,       0
total,        188878,    7558,    7558,    7558,     0.5,     0.4,     0.8,     1.1,     4.0,    74.3,   21.0,  0.04455,      0,      0,       0,       0,       0,       0
total,        196878,    8000,    8000,    8000,     0.5,     0.4,     0.8,     1.2,     4.1,    11.6,   22.0,  0.04305,      0,      0,       0,       0,       0,       0
total,        205438,    8560,    8560,    8560,     0.5,     0.4,     0.7,     1.3,     4.8,    20.5,   23.0,  0.04129,      0,      0,       0,       0,       0,       0
total,        215818,   10380,   10380,   10380,     0.4,     0.3,     0.6,     0.8,     3.6,     9.0,   24.0,  0.03980,      0,      0,       0,       0,       0,       0
total,        225306,    9488,    9488,    9488,     0.4,     0.3,     0.6,     1.4,     7.0,    18.2,   25.0,  0.03819,      0,      0,       0,       0,       0,       0
total,        236112,   10806,   10806,   10806,     0.4,     0.3,     0.5,     0.7,     2.2,     6.7,   26.0,  0.03713,      0,      0,       0,       0,       0,       0
total,        246592,   10480,   10480,   10480,     0.4,     0.3,     0.5,     0.8,     3.8,    11.7,   27.0,  0.03597,      0,      0,       0,       0,       0,       0
total,        256975,   10383,   10383,   10383,     0.4,     0.3,     0.6,     0.8,     3.0,     8.9,   28.0,  0.03482,      0,      0,       0,       0,       0,       0
total,        267402,   10427,   10427,   10427,     0.4,     0.3,     0.6,     0.8,     3.6,    16.2,   29.0,  0.03378,      0,      0,       0,       0,       0,       0
total,        276506,    9104,    9104,    9104,     0.4,     0.4,     0.7,     1.4,     5.7,    12.8,   30.0,  0.03267,      0,      0,       0,       0,       0,       0
total,        285458,    8952,    8952,    8952,     0.4,     0.4,     0.7,     1.7,     8.1,    18.3,   31.0,  0.03166,      0,      0,       0,       0,       0,       0
total,        296156,   10698,   10698,   10698,     0.4,     0.3,     0.5,     0.7,     2.2,    10.5,   32.0,  0.03089,      0,      0,       0,       0,       0,       0
total,        306321,   10165,   10165,   10165,     0.4,     0.3,     0.6,     0.9,     4.8,    15.3,   33.0,  0.03001,      0,      0,       0,       0,       0,       0
total,        316833,   10512,   10512,   10512,     0.4,     0.3,     0.6,     0.8,     2.8,    13.1,   34.0,  0.02926,      0,      0,       0,       0,       0,       0
total,        327485,   10652,   10652,   10652,     0.4,     0.3,     0.5,     0.7,     3.1,    10.2,   35.0,  0.02857,      0,      0,       0,       0,       0,       0
total,        338141,   10656,   10656,   10656,     0.4,     0.3,     0.5,     0.7,     3.0,    15.6,   36.0,  0.02793,      0,      0,       0,       0,       0,       0
total,        348573,   10432,   10432,   10432,     0.4,     0.3,     0.6,     0.8,     3.4,    16.5,   37.0,  0.02726,      0,      0,       0,       0,       0,       0
total,        358905,   10332,   10332,   10332,     0.4,     0.3,     0.6,     0.9,     3.9,    10.3,   38.0,  0.02659,      0,      0,       0,       0,       0,       0
total,        369375,   10470,   10470,   10470,     0.4,     0.3,     0.6,     0.8,     2.9,     9.6,   39.0,  0.02597,      0,      0,       0,       0,       0,       0
total,        379973,   10598,   10598,   10598,     0.4,     0.3,     0.5,     0.7,     3.1,    14.5,   40.0,  0.02541,      0,      0,       0,       0,       0,       0
total,        390848,   10875,   10875,   10875,     0.4,     0.3,     0.5,     0.7,     2.5,    10.3,   41.0,  0.02494,      0,      0,       0,       0,       0,       0
total,        401445,   10597,   10597,   10597,     0.4,     0.3,     0.5,     0.8,     2.5,    10.7,   42.0,  0.02441,      0,      0,       0,       0,       0,       0
total,        410184,    8739,    8739,    8739,     0.4,     0.4,     0.7,     2.1,     8.7,    41.6,   43.0,  0.02391,      0,      0,       0,       0,       0,       0
total,        417085,    6901,    6901,    6901,     0.6,     0.4,     1.2,     3.5,    10.2,    28.9,   44.0,  0.02427,      0,      0,       0,       0,       0,       0
total,        423940,    6855,    6855,    6855,     0.6,     0.4,     1.3,     3.0,     8.9,    17.5,   45.0,  0.02464,      0,      0,       0,       0,       0,       0
total,        430812,    6872,    6872,    6872,     0.6,     0.4,     1.3,     3.4,     8.3,    19.9,   46.0,  0.02492,      0,      0,       0,       0,       0,       0
total,        438293,    7481,    7481,    7481,     0.5,     0.4,     1.0,     2.4,     6.1,    12.2,   47.0,  0.02488,      0,      0,       0,       0,       0,       0
total,        446872,    8579,    8579,    8579,     0.5,     0.4,     0.8,     2.0,     9.5,    20.1,   48.0,  0.02445,      0,      0,       0,       0,       0,       0
total,        457657,   10785,   10785,   10785,     0.4,     0.3,     0.5,     0.7,     1.9,     4.1,   49.0,  0.02405,      0,      0,       0,       0,       0,       0
total,        465970,    8313,    8313,    8313,     0.5,     0.4,     0.8,     1.9,    10.6,    41.3,   50.0,  0.02367,      0,      0,       0,       0,       0,       0
total,        474091,    8121,    8121,    8121,     0.5,     0.4,     1.0,     2.1,     5.7,    12.3,   51.0,  0.02341,      0,      0,       0,       0,       0,       0
total,        484071,    9980,    9980,    9980,     0.4,     0.3,     0.6,     1.1,     3.5,    10.1,   52.0,  0.02297,      0,      0,       0,       0,       0,       0
total,        493431,    9360,    9360,    9360,     0.4,     0.3,     0.7,     1.6,     7.6,    15.6,   53.0,  0.02253,      0,      0,       0,       0,       0,       0
total,        503857,   10426,   10426,   10426,     0.4,     0.3,     0.6,     0.8,     3.8,     8.7,   54.0,  0.02216,      0,      0,       0,       0,       0,       0
total,        513851,    9994,    9994,    9994,     0.4,     0.3,     0.6,     1.0,     5.8,    13.4,   55.0,  0.02177,      0,      0,       0,       0,       0,       0
total,        524000,   10149,   10149,   10149,     0.4,     0.3,     0.6,     1.0,     3.1,     6.7,   56.0,  0.02139,      0,      0,       0,       0,       0,       0
total,        532699,    8699,    8699,    8699,     0.4,     0.4,     0.8,     2.0,     5.8,    30.6,   57.0,  0.02106,      0,      0,       0,       0,       0,       0
total,        539369,    6670,    6670,    6670,     0.6,     0.4,     1.2,     3.3,     8.9,    19.6,   58.0,  0.02136,      0,      0,       0,       0,       0,       0
total,        548234,    8865,    8865,    8865,     0.4,     0.4,     0.8,     1.7,     3.5,    10.3,   59.0,  0.02104,      0,      0,       0,       0,       0,       0
total,        558271,   10037,   10037,   10037,     0.4,     0.3,     0.6,     1.1,     2.7,     7.4,   60.0,  0.02069,      0,      0,       0,       0,       0,       0
total,        566850,    8579,    8579,    8579,     0.4,     0.4,     0.8,     1.9,     6.7,    30.5,   61.0,  0.02040,      0,      0,       0,       0,       0,       0
total,        575577,    8727,    8727,    8727,     0.4,     0.4,     0.8,     1.8,     5.1,    12.9,   62.0,  0.02012,      0,      0,       0,       0,       0,       0
total,        583898,    8321,    8321,    8321,     0.5,     0.4,     0.9,     2.1,     6.8,    14.3,   63.0,  0.01990,      0,      0,       0,       0,       0,       0
total,        583915,    4861,    4861,    4861,     0.6,     0.4,     1.7,     2.4,     2.4,     2.4,   63.0,  0.02184,      0,      0,       0,       0,       0,       0


Results:
Op rate                   :    9,268 op/s  [READ: 9,268 op/s]
Partition rate            :    9,268 pk/s  [READ: 9,268 pk/s]
Row rate                  :    9,268 row/s [READ: 9,268 row/s]
Latency mean              :    0.4 ms [READ: 0.4 ms]
Latency median            :    0.4 ms [READ: 0.4 ms]
Latency 95th percentile   :    0.7 ms [READ: 0.7 ms]
Latency 99th percentile   :    1.4 ms [READ: 1.4 ms]
Latency 99.9th percentile :    5.7 ms [READ: 5.7 ms]
Latency max               :   74.3 ms [READ: 74.3 ms]
Total partitions          :    583,915 [READ: 583,915]
Total errors              :          0 [READ: 0]
Total GC count            : 0
Total GC memory           : 0.000 KiB
Total GC time             :    0.0 seconds
Avg GC time               :    NaN ms
StdDev GC time            :    0.0 ms
Total operation time      : 00:01:03


Running with 8 threadCount
Running READ with 8 threads until stderr of mean < 0.02
type       total ops,    op/s,    pk/s,   row/s,    mean,     med,     .95,     .99,    .999,     max,   time,   stderr, errors,  gc: #,  max ms,  sum ms,  sdv ms,      mb
total,         11654,   11654,   11654,   11654,     0.7,     0.5,     1.3,     3.0,     7.8,    19.5,    1.0,  0.00000,      0,      0,       0,       0,       0,       0
total,         21729,   10075,   10075,   10075,     0.8,     0.5,     2.0,     4.2,    15.1,    23.7,    2.0,  0.04987,      0,      0,       0,       0,       0,       0
total,         30934,    9205,    9205,    9205,     0.9,     0.5,     2.1,     5.4,    24.2,    45.3,    3.0,  0.05111,      0,      0,       0,       0,       0,       0
total,         40540,    9606,    9606,    9606,     0.8,     0.5,     2.2,     4.7,    14.7,    32.1,    4.0,  0.04152,      0,      0,       0,       0,       0,       0
total,         48924,    8384,    8384,    8384,     0.9,     0.7,     2.3,     4.6,    28.7,    55.1,    5.0,  0.04406,      0,      0,       0,       0,       0,       0
total,         61722,   12798,   12798,   12798,     0.6,     0.5,     1.2,     2.3,     5.0,     9.9,    6.0,  0.05334,      0,      0,       0,       0,       0,       0
total,         73700,   11978,   11978,   11978,     0.7,     0.5,     1.4,     2.6,    11.8,    17.5,    7.0,  0.04883,      0,      0,       0,       0,       0,       0
total,         86771,   13071,   13071,   13071,     0.6,     0.5,     1.2,     2.0,     6.7,    33.6,    8.0,  0.05018,      0,      0,       0,       0,       0,       0
total,         99992,   13221,   13221,   13221,     0.6,     0.5,     1.1,     2.0,     9.7,    16.8,    9.0,  0.04839,      0,      0,       0,       0,       0,       0
total,        113039,   13047,   13047,   13047,     0.6,     0.5,     1.1,     2.0,     4.7,    39.1,   10.0,  0.04624,      0,      0,       0,       0,       0,       0
total,        126426,   13387,   13387,   13387,     0.6,     0.5,     1.1,     1.8,     5.1,    10.4,   11.0,  0.04370,      0,      0,       0,       0,       0,       0
total,        139870,   13444,   13444,   13444,     0.6,     0.5,     1.1,     1.9,     6.8,    15.3,   12.0,  0.04142,      0,      0,       0,       0,       0,       0
total,        153367,   13497,   13497,   13497,     0.6,     0.5,     1.1,     1.7,     5.1,    14.0,   13.0,  0.03927,      0,      0,       0,       0,       0,       0
total,        166788,   13421,   13421,   13421,     0.6,     0.5,     1.1,     1.8,     6.0,     8.5,   14.0,  0.03706,      0,      0,       0,       0,       0,       0
total,        178875,   12087,   12087,   12087,     0.6,     0.5,     1.3,     2.4,     8.9,    18.8,   15.0,  0.03458,      0,      0,       0,       0,       0,       0
total,        188706,    9831,    9831,    9831,     0.8,     0.6,     2.0,     4.6,    14.4,    41.9,   16.0,  0.03415,      0,      0,       0,       0,       0,       0
total,        200981,   12275,   12275,   12275,     0.6,     0.5,     1.3,     3.2,     8.8,    37.4,   17.0,  0.03220,      0,      0,       0,       0,       0,       0
total,        212486,   11505,   11505,   11505,     0.7,     0.5,     1.7,     3.8,     8.0,    18.5,   18.0,  0.03051,      0,      0,       0,       0,       0,       0
total,        222045,    9559,    9559,    9559,     0.8,     0.6,     1.9,     4.3,    18.8,    38.2,   19.0,  0.03061,      0,      0,       0,       0,       0,       0
total,        231735,    9690,    9690,    9690,     0.8,     0.6,     1.9,     4.0,    10.6,    28.4,   20.0,  0.03046,      0,      0,       0,       0,       0,       0
total,        241907,   10172,   10172,   10172,     0.8,     0.6,     1.9,     4.0,    11.1,    14.7,   21.0,  0.02983,      0,      0,       0,       0,       0,       0
total,        251355,    9448,    9448,    9448,     0.8,     0.6,     2.0,     4.6,    19.1,    58.2,   22.0,  0.02945,      0,      0,       0,       0,       0,       0
total,        263928,   12573,   12573,   12573,     0.6,     0.5,     1.2,     2.1,     6.6,     9.8,   23.0,  0.02829,      0,      0,       0,       0,       0,       0
total,        274036,   10108,   10108,   10108,     0.8,     0.6,     1.8,     3.8,    19.7,    34.0,   24.0,  0.02761,      0,      0,       0,       0,       0,       0
total,        284869,   10833,   10833,   10833,     0.7,     0.6,     1.6,     3.2,     6.2,    10.5,   25.0,  0.02670,      0,      0,       0,       0,       0,       0
total,        294804,    9935,    9935,    9935,     0.8,     0.6,     2.0,     4.5,     9.3,    28.0,   26.0,  0.02624,      0,      0,       0,       0,       0,       0
total,        306808,   12004,   12004,   12004,     0.6,     0.5,     1.3,     2.7,     8.7,    17.4,   27.0,  0.02528,      0,      0,       0,       0,       0,       0
total,        320035,   13227,   13227,   13227,     0.6,     0.5,     1.1,     2.0,     4.9,     8.6,   28.0,  0.02478,      0,      0,       0,       0,       0,       0
total,        331133,   11098,   11098,   11098,     0.7,     0.6,     1.5,     3.1,     9.4,    14.8,   29.0,  0.02399,      0,      0,       0,       0,       0,       0
total,        343813,   12680,   12680,   12680,     0.6,     0.5,     1.3,     2.5,     5.0,    12.8,   30.0,  0.02334,      0,      0,       0,       0,       0,       0
total,        356424,   12611,   12611,   12611,     0.6,     0.5,     1.2,     2.3,    11.4,    14.3,   31.0,  0.02270,      0,      0,       0,       0,       0,       0
total,        369768,   13344,   13344,   13344,     0.6,     0.5,     1.1,     1.9,     5.8,    12.6,   32.0,  0.02235,      0,      0,       0,       0,       0,       0
total,        380704,   10936,   10936,   10936,     0.7,     0.5,     1.6,     3.3,    13.9,    21.7,   33.0,  0.02177,      0,      0,       0,       0,       0,       0
total,        394096,   13392,   13392,   13392,     0.6,     0.5,     1.1,     1.7,     4.4,     8.4,   34.0,  0.02145,      0,      0,       0,       0,       0,       0
total,        407193,   13097,   13097,   13097,     0.6,     0.5,     1.2,     2.3,     6.1,    13.2,   35.0,  0.02104,      0,      0,       0,       0,       0,       0
total,        419757,   12564,   12564,   12564,     0.6,     0.5,     1.3,     2.5,     5.4,    14.5,   36.0,  0.02051,      0,      0,       0,       0,       0,       0
total,        430701,   10944,   10944,   10944,     0.7,     0.6,     1.5,     3.3,    12.8,    24.1,   37.0,  0.02004,      0,      0,       0,       0,       0,       0
total,        441966,   11265,   11265,   11265,     0.7,     0.6,     1.5,     2.6,     5.9,    38.0,   38.0,  0.01953,      0,      0,       0,       0,       0,       0
total,        441978,    5220,    5220,    5220,     1.0,     0.9,     1.4,     1.6,     1.6,     1.6,   38.0,  0.02099,      0,      0,       0,       0,       0,       0


Results:
Op rate                   :   11,630 op/s  [READ: 11,630 op/s]
Partition rate            :   11,630 pk/s  [READ: 11,630 pk/s]
Row rate                  :   11,630 row/s [READ: 11,630 row/s]
Latency mean              :    0.7 ms [READ: 0.7 ms]
Latency median            :    0.5 ms [READ: 0.5 ms]
Latency 95th percentile   :    1.4 ms [READ: 1.4 ms]
Latency 99th percentile   :    3.1 ms [READ: 3.1 ms]
Latency 99.9th percentile :    9.4 ms [READ: 9.4 ms]
Latency max               :   58.2 ms [READ: 58.2 ms]
Total partitions          :    441,978 [READ: 441,978]
Total errors              :          0 [READ: 0]
Total GC count            : 0
Total GC memory           : 0.000 KiB
Total GC time             :    0.0 seconds
Avg GC time               :    NaN ms
StdDev GC time            :    0.0 ms
Total operation time      : 00:00:38


Running with 16 threadCount
Running READ with 16 threads until stderr of mean < 0.02
type       total ops,    op/s,    pk/s,   row/s,    mean,     med,     .95,     .99,    .999,     max,   time,   stderr, errors,  gc: #,  max ms,  sum ms,  sdv ms,      mb
total,         11171,   11171,   11171,   11171,     1.4,     0.9,     3.6,     9.1,    27.5,    31.0,    1.0,  0.00000,      0,      0,       0,       0,       0,       0
total,         24186,   13015,   13015,   13015,     1.2,     0.9,     3.1,     5.7,    13.0,    17.8,    2.0,  0.04913,      0,      0,       0,       0,       0,       0
total,         37092,   12906,   12906,   12906,     1.2,     0.9,     2.9,     7.2,    17.0,    51.5,    3.0,  0.04094,      0,      0,       0,       0,       0,       0
total,         50279,   13187,   13187,   13187,     1.2,     0.9,     2.8,     5.6,    10.6,    16.5,    4.0,  0.03203,      0,      0,       0,       0,       0,       0
total,         63274,   12995,   12995,   12995,     1.2,     0.9,     2.8,     5.7,    32.9,    36.5,    5.0,  0.02646,      0,      0,       0,       0,       0,       0
total,         74895,   11621,   11621,   11621,     1.3,     1.0,     3.1,     7.2,    29.8,    71.8,    6.0,  0.02308,      0,      0,       0,       0,       0,       0
total,         87069,   12174,   12174,   12174,     1.3,     0.9,     3.3,     5.9,    19.8,    34.7,    7.0,  0.02019,      0,      0,       0,       0,       0,       0
total,        101392,   14323,   14323,   14323,     1.1,     0.9,     2.6,     4.9,    10.1,    33.1,    8.0,  0.02419,      0,      0,       0,       0,       0,       0
total,        117709,   16317,   16317,   16317,     1.0,     0.8,     1.9,     3.7,    15.7,    25.7,    9.0,  0.03474,      0,      0,       0,       0,       0,       0
total,        130981,   13272,   13272,   13272,     1.2,     0.9,     2.7,     5.8,    13.1,    26.9,   10.0,  0.03126,      0,      0,       0,       0,       0,       0
total,        147103,   16122,   16122,   16122,     1.0,     0.8,     2.0,     3.7,    11.5,    30.0,   11.0,  0.03380,      0,      0,       0,       0,       0,       0
total,        163558,   16455,   16455,   16455,     1.0,     0.8,     2.0,     3.3,     7.2,     9.4,   12.0,  0.03429,      0,      0,       0,       0,       0,       0
total,        176704,   13146,   13146,   13146,     1.2,     0.9,     2.9,     6.1,    19.4,    23.9,   13.0,  0.03191,      0,      0,       0,       0,       0,       0
total,        188402,   11698,   11698,   11698,     1.4,     0.9,     3.7,     7.9,    31.3,    58.5,   14.0,  0.03091,      0,      0,       0,       0,       0,       0
total,        201168,   12766,   12766,   12766,     1.2,     0.9,     2.6,     6.6,    24.6,    57.3,   15.0,  0.02895,      0,      0,       0,       0,       0,       0
total,        217341,   16173,   16173,   16173,     1.0,     0.8,     2.0,     3.9,    15.2,    24.8,   16.0,  0.02922,      0,      0,       0,       0,       0,       0
total,        233097,   15756,   15756,   15756,     1.0,     0.8,     2.1,     4.0,    14.9,    32.5,   17.0,  0.02869,      0,      0,       0,       0,       0,       0
total,        249152,   16055,   16055,   16055,     1.0,     0.8,     2.0,     3.9,    13.4,    27.4,   18.0,  0.02824,      0,      0,       0,       0,       0,       0
total,        265264,   16112,   16112,   16112,     1.0,     0.8,     2.0,     3.7,     8.1,    15.9,   19.0,  0.02754,      0,      0,       0,       0,       0,       0
total,        281614,   16350,   16350,   16350,     1.0,     0.8,     1.9,     3.4,    11.3,    21.6,   20.0,  0.02707,      0,      0,       0,       0,       0,       0
total,        296053,   14439,   14439,   14439,     1.1,     0.8,     2.8,     6.0,    13.2,    37.7,   21.0,  0.02579,      0,      0,       0,       0,       0,       0
total,        312241,   16188,   16188,   16188,     1.0,     0.8,     2.0,     4.0,    13.4,    20.9,   22.0,  0.02518,      0,      0,       0,       0,       0,       0
total,        328732,   16491,   16491,   16491,     1.0,     0.8,     1.9,     3.9,    12.3,    27.7,   23.0,  0.02484,      0,      0,       0,       0,       0,       0
total,        345406,   16674,   16674,   16674,     0.9,     0.8,     1.9,     3.5,     7.6,    13.9,   24.0,  0.02439,      0,      0,       0,       0,       0,       0
total,        362017,   16611,   16611,   16611,     0.9,     0.8,     1.9,     3.4,    13.3,    39.7,   25.0,  0.02414,      0,      0,       0,       0,       0,       0
total,        378615,   16598,   16598,   16598,     0.9,     0.8,     1.9,     3.3,    10.0,    13.7,   26.0,  0.02358,      0,      0,       0,       0,       0,       0
total,        395058,   16443,   16443,   16443,     1.0,     0.8,     2.0,     3.7,     9.7,    15.2,   27.0,  0.02298,      0,      0,       0,       0,       0,       0
total,        410576,   15518,   15518,   15518,     1.0,     0.8,     2.1,     4.0,    26.9,    30.0,   28.0,  0.02221,      0,      0,       0,       0,       0,       0
total,        427131,   16555,   16555,   16555,     0.9,     0.8,     2.0,     3.5,     7.5,    12.2,   29.0,  0.02168,      0,      0,       0,       0,       0,       0
total,        443449,   16318,   16318,   16318,     1.0,     0.8,     2.0,     3.8,    11.3,    18.9,   30.0,  0.02113,      0,      0,       0,       0,       0,       0
total,        460524,   17075,   17075,   17075,     0.9,     0.8,     1.8,     3.4,    10.1,    13.9,   31.0,  0.02082,      0,      0,       0,       0,       0,       0
total,        475306,   14782,   14782,   14782,     1.1,     0.9,     2.4,     4.1,     8.4,    16.2,   32.0,  0.02019,      0,      0,       0,       0,       0,       0
total,        489420,   14114,   14114,   14114,     1.1,     0.9,     2.3,     4.4,    13.2,    61.5,   33.0,  0.01959,      0,      0,       0,       0,       0,       0
total,        489440,    6692,    6692,    6692,     1.4,     1.4,     2.7,     2.8,     2.8,     2.8,   33.0,  0.19256,      0,      0,       0,       0,       0,       0


Results:
Op rate                   :   14,830 op/s  [READ: 14,830 op/s]
Partition rate            :   14,830 pk/s  [READ: 14,830 pk/s]
Row rate                  :   14,830 row/s [READ: 14,830 row/s]
Latency mean              :    1.1 ms [READ: 1.1 ms]
Latency median            :    0.8 ms [READ: 0.8 ms]
Latency 95th percentile   :    2.3 ms [READ: 2.3 ms]
Latency 99th percentile   :    4.8 ms [READ: 4.8 ms]
Latency 99.9th percentile :   14.5 ms [READ: 14.5 ms]
Latency max               :   71.8 ms [READ: 71.8 ms]
Total partitions          :    489,440 [READ: 489,440]
Total errors              :          0 [READ: 0]
Total GC count            : 0
Total GC memory           : 0.000 KiB
Total GC time             :    0.0 seconds
Avg GC time               :    NaN ms
StdDev GC time            :    0.0 ms
Total operation time      : 00:00:33


Running with 24 threadCount
Running READ with 24 threads until stderr of mean < 0.02
type       total ops,    op/s,    pk/s,   row/s,    mean,     med,     .95,     .99,    .999,     max,   time,   stderr, errors,  gc: #,  max ms,  sum ms,  sdv ms,      mb
total,         16682,   16682,   16682,   16682,     1.4,     1.1,     3.0,     6.0,    17.6,    32.5,    1.0,  0.00000,      0,      0,       0,       0,       0,       0
total,         34143,   17461,   17461,   17461,     1.4,     1.0,     3.1,     7.1,    18.4,    26.8,    2.0,  0.01404,      0,      0,       0,       0,       0,       0
total,         53696,   19553,   19553,   19553,     1.2,     1.0,     2.5,     4.7,    12.0,    16.2,    3.0,  0.03503,      0,      0,       0,       0,       0,       0
total,         73139,   19443,   19443,   19443,     1.2,     1.0,     2.7,     5.0,    11.0,    25.1,    4.0,  0.03160,      0,      0,       0,       0,       0,       0
total,         92459,   19320,   19320,   19320,     1.2,     1.0,     2.6,     5.6,    12.5,    23.0,    5.0,  0.02681,      0,      0,       0,       0,       0,       0
total,        110409,   17950,   17950,   17950,     1.3,     1.0,     3.0,     6.8,    25.9,    30.4,    6.0,  0.02271,      0,      0,       0,       0,       0,       0
total,        129131,   18722,   18722,   18722,     1.3,     1.0,     2.9,     5.7,    14.5,    23.0,    7.0,  0.01952,      0,      0,       0,       0,       0,       0
total,        148810,   19679,   19679,   19679,     1.2,     1.0,     2.6,     4.7,    10.8,    19.8,    8.0,  0.01837,      0,      0,       0,       0,       0,       0
total,        168129,   19319,   19319,   19319,     1.2,     1.0,     2.6,     5.4,    12.6,    20.2,    9.0,  0.01665,      0,      0,       0,       0,       0,       0
total,        187781,   19652,   19652,   19652,     1.2,     1.0,     2.6,     4.7,    11.3,    31.8,   10.0,  0.01595,      0,      0,       0,       0,       0,       0
total,        206415,   18634,   18634,   18634,     1.3,     1.0,     2.7,     5.8,    10.7,    21.0,   11.0,  0.01455,      0,      0,       0,       0,       0,       0
total,        225451,   19036,   19036,   19036,     1.2,     1.0,     2.7,     5.2,    17.1,    20.6,   12.0,  0.01335,      0,      0,       0,       0,       0,       0
total,        245101,   19650,   19650,   19650,     1.2,     1.0,     2.5,     4.7,    10.9,    30.6,   13.0,  0.01288,      0,      0,       0,       0,       0,       0
total,        263989,   18888,   18888,   18888,     1.3,     1.0,     2.8,     5.8,    17.4,    22.2,   14.0,  0.01196,      0,      0,       0,       0,       0,       0
total,        283583,   19594,   19594,   19594,     1.2,     1.0,     2.5,     4.9,    17.1,    40.2,   15.0,  0.01169,      0,      0,       0,       0,       0,       0
total,        304098,   20515,   20515,   20515,     1.2,     1.0,     2.4,     4.4,    10.9,    20.4,   16.0,  0.01191,      0,      0,       0,       0,       0,       0
total,        324447,   20349,   20349,   20349,     1.2,     1.0,     2.4,     4.0,    10.0,    19.8,   17.0,  0.01176,      0,      0,       0,       0,       0,       0
total,        344386,   19939,   19939,   19939,     1.2,     1.0,     2.5,     4.8,    10.2,    22.3,   18.0,  0.01131,      0,      0,       0,       0,       0,       0
total,        364169,   19783,   19783,   19783,     1.2,     1.0,     2.6,     5.3,    11.6,    17.7,   19.0,  0.01078,      0,      0,       0,       0,       0,       0
total,        383948,   19779,   19779,   19779,     1.2,     1.0,     2.6,     5.2,    11.0,    21.6,   20.0,  0.01033,      0,      0,       0,       0,       0,       0
total,        403953,   20005,   20005,   20005,     1.2,     1.0,     2.4,     4.5,     8.8,    15.4,   21.0,  0.00994,      0,      0,       0,       0,       0,       0
total,        423271,   19318,   19318,   19318,     1.2,     1.0,     2.6,     5.8,    12.7,    24.2,   22.0,  0.00948,      0,      0,       0,       0,       0,       0
total,        442726,   19455,   19455,   19455,     1.2,     1.0,     2.6,     5.3,    11.0,    14.3,   23.0,  0.00907,      0,      0,       0,       0,       0,       0
total,        462279,   19553,   19553,   19553,     1.2,     1.0,     2.6,     4.8,    11.2,    14.1,   24.0,  0.00869,      0,      0,       0,       0,       0,       0
total,        481320,   19041,   19041,   19041,     1.2,     1.0,     2.7,     5.4,    14.3,    18.4,   25.0,  0.00838,      0,      0,       0,       0,       0,       0
total,        501358,   20038,   20038,   20038,     1.2,     1.0,     2.4,     4.6,    10.5,    16.3,   26.0,  0.00814,      0,      0,       0,       0,       0,       0
total,        521672,   20314,   20314,   20314,     1.2,     1.0,     2.4,     4.3,     7.7,    14.6,   27.0,  0.00800,      0,      0,       0,       0,       0,       0
total,        541559,   19887,   19887,   19887,     1.2,     1.0,     2.5,     4.8,    13.9,    29.5,   28.0,  0.00781,      0,      0,       0,       0,       0,       0
total,        560619,   19060,   19060,   19060,     1.2,     1.0,     2.7,     5.8,    12.4,    16.9,   29.0,  0.00758,      0,      0,       0,       0,       0,       0
total,        579831,   19212,   19212,   19212,     1.2,     1.0,     2.7,     5.4,    11.7,    18.9,   30.0,  0.00733,      0,      0,       0,       0,       0,       0
total,        579871,   14972,   14972,   14972,     1.4,     1.3,     2.4,     2.8,     2.8,     2.8,   30.0,  1.06209,      0,      0,       0,       0,       0,       0


Results:
Op rate                   :   19,327 op/s  [READ: 19,327 op/s]
Partition rate            :   19,327 pk/s  [READ: 19,327 pk/s]
Row rate                  :   19,327 row/s [READ: 19,327 row/s]
Latency mean              :    1.2 ms [READ: 1.2 ms]
Latency median            :    1.0 ms [READ: 1.0 ms]
Latency 95th percentile   :    2.6 ms [READ: 2.6 ms]
Latency 99th percentile   :    5.2 ms [READ: 5.2 ms]
Latency 99.9th percentile :   12.4 ms [READ: 12.4 ms]
Latency max               :   40.2 ms [READ: 40.2 ms]
Total partitions          :    579,871 [READ: 579,871]
Total errors              :          0 [READ: 0]
Total GC count            : 0
Total GC memory           : 0.000 KiB
Total GC time             :    0.0 seconds
Avg GC time               :    NaN ms
StdDev GC time            :    0.0 ms
Total operation time      : 00:00:30


Running with 36 threadCount
Running READ with 36 threads until stderr of mean < 0.02
type       total ops,    op/s,    pk/s,   row/s,    mean,     med,     .95,     .99,    .999,     max,   time,   stderr, errors,  gc: #,  max ms,  sum ms,  sdv ms,      mb
total,         22530,   22530,   22530,   22530,     1.5,     1.2,     3.4,     7.0,    16.5,    50.6,    1.0,  0.00000,      0,      0,       0,       0,       0,       0
total,         45280,   22750,   22750,   22750,     1.6,     1.2,     3.4,     7.4,    16.2,    30.6,    2.0,  0.00393,      0,      0,       0,       0,       0,       0
total,         68299,   23019,   23019,   23019,     1.5,     1.2,     3.6,     7.3,    13.2,    24.0,    3.0,  0.00263,      0,      0,       0,       0,       0,       0
total,         91283,   22984,   22984,   22984,     1.5,     1.3,     3.5,     6.6,    12.0,    20.2,    4.0,  0.00234,      0,      0,       0,       0,       0,       0
total,        111553,   20270,   20270,   20270,     1.8,     1.3,     3.9,     9.5,    26.9,    62.5,    5.0,  0.01510,      0,      0,       0,       0,       0,       0
total,        133366,   21813,   21813,   21813,     1.6,     1.3,     3.6,     7.5,    18.1,    43.4,    6.0,  0.01285,      0,      0,       0,       0,       0,       0
total,        156019,   22653,   22653,   22653,     1.6,     1.2,     3.6,     7.1,    16.5,    24.2,    7.0,  0.01102,      0,      0,       0,       0,       0,       0
total,        176790,   20771,   20771,   20771,     1.7,     1.3,     4.2,     9.2,    24.4,    34.7,    8.0,  0.01273,      0,      0,       0,       0,       0,       0
total,        197539,   20749,   20749,   20749,     1.7,     1.3,     4.1,     8.9,    15.1,    40.1,    9.0,  0.01288,      0,      0,       0,       0,       0,       0
total,        221253,   23714,   23714,   23714,     1.5,     1.3,     3.2,     5.2,    12.3,    16.6,   10.0,  0.01278,      0,      0,       0,       0,       0,       0
total,        244624,   23371,   23371,   23371,     1.5,     1.2,     3.3,     6.3,    15.3,    26.3,   11.0,  0.01227,      0,      0,       0,       0,       0,       0
total,        267498,   22874,   22874,   22874,     1.6,     1.2,     3.4,     7.4,    14.8,    22.3,   12.0,  0.01131,      0,      0,       0,       0,       0,       0
total,        290302,   22804,   22804,   22804,     1.6,     1.3,     3.5,     6.5,    16.0,    20.6,   13.0,  0.01046,      0,      0,       0,       0,       0,       0
total,        313160,   22858,   22858,   22858,     1.6,     1.2,     3.6,     6.6,    13.3,    22.1,   14.0,  0.00975,      0,      0,       0,       0,       0,       0
total,        336353,   23193,   23193,   23193,     1.5,     1.2,     3.5,     6.7,    13.6,    21.8,   15.0,  0.00925,      0,      0,       0,       0,       0,       0
total,        359527,   23174,   23174,   23174,     1.5,     1.2,     3.4,     6.7,    20.1,    30.3,   16.0,  0.00889,      0,      0,       0,       0,       0,       0
total,        382298,   22771,   22771,   22771,     1.6,     1.2,     3.6,     7.5,    16.4,    24.7,   17.0,  0.00837,      0,      0,       0,       0,       0,       0
total,        405628,   23330,   23330,   23330,     1.5,     1.2,     3.3,     6.7,    17.7,    24.5,   18.0,  0.00807,      0,      0,       0,       0,       0,       0
total,        428064,   22436,   22436,   22436,     1.6,     1.2,     3.7,     8.2,    20.3,    26.1,   19.0,  0.00766,      0,      0,       0,       0,       0,       0
total,        451475,   23411,   23411,   23411,     1.5,     1.2,     3.5,     6.5,    14.2,    24.4,   20.0,  0.00745,      0,      0,       0,       0,       0,       0
total,        474275,   22800,   22800,   22800,     1.6,     1.3,     3.4,     6.6,    21.0,    28.3,   21.0,  0.00710,      0,      0,       0,       0,       0,       0
total,        497016,   22741,   22741,   22741,     1.6,     1.2,     3.7,     6.9,    15.1,    24.0,   22.0,  0.00678,      0,      0,       0,       0,       0,       0
total,        520104,   23088,   23088,   23088,     1.5,     1.2,     3.4,     6.6,    17.4,    27.1,   23.0,  0.00653,      0,      0,       0,       0,       0,       0
total,        541273,   21169,   21169,   21169,     1.7,     1.2,     4.0,     9.1,    31.2,    63.8,   24.0,  0.00638,      0,      0,       0,       0,       0,       0
total,        563933,   22660,   22660,   22660,     1.6,     1.2,     3.7,     7.6,    17.9,    28.3,   25.0,  0.00613,      0,      0,       0,       0,       0,       0
total,        587049,   23116,   23116,   23116,     1.5,     1.2,     3.6,     7.3,    15.1,    17.9,   26.0,  0.00590,      0,      0,       0,       0,       0,       0
total,        609558,   22509,   22509,   22509,     1.6,     1.2,     3.6,     6.8,    19.3,    56.3,   27.0,  0.00575,      0,      0,       0,       0,       0,       0
total,        632852,   23294,   23294,   23294,     1.5,     1.2,     3.3,     6.4,    24.8,    27.4,   28.0,  0.00563,      0,      0,       0,       0,       0,       0
total,        655448,   22596,   22596,   22596,     1.6,     1.3,     3.6,     7.5,    13.9,    18.5,   29.0,  0.00545,      0,      0,       0,       0,       0,       0
total,        678760,   23312,   23312,   23312,     1.5,     1.2,     3.4,     6.3,    11.3,    45.4,   30.0,  0.00549,      0,      0,       0,       0,       0,       0
total,        678808,    5252,    5252,    5252,     5.4,     7.6,     8.7,     9.9,     9.9,     9.9,   30.0,  0.13533,      0,      0,       0,       0,       0,       0


Results:
Op rate                   :   22,620 op/s  [READ: 22,620 op/s]
Partition rate            :   22,620 pk/s  [READ: 22,620 pk/s]
Row rate                  :   22,620 row/s [READ: 22,620 row/s]
Latency mean              :    1.6 ms [READ: 1.6 ms]
Latency median            :    1.2 ms [READ: 1.2 ms]
Latency 95th percentile   :    3.6 ms [READ: 3.6 ms]
Latency 99th percentile   :    7.1 ms [READ: 7.1 ms]
Latency 99.9th percentile :   17.2 ms [READ: 17.2 ms]
Latency max               :   63.8 ms [READ: 63.8 ms]
Total partitions          :    678,808 [READ: 678,808]
Total errors              :          0 [READ: 0]
Total GC count            : 0
Total GC memory           : 0.000 KiB
Total GC time             :    0.0 seconds
Avg GC time               :    NaN ms
StdDev GC time            :    0.0 ms
Total operation time      : 00:00:30


Running with 54 threadCount
Running READ with 54 threads until stderr of mean < 0.02
type       total ops,    op/s,    pk/s,   row/s,    mean,     med,     .95,     .99,    .999,     max,   time,   stderr, errors,  gc: #,  max ms,  sum ms,  sdv ms,      mb
total,         25822,   25822,   25822,   25822,     2.0,     1.6,     4.4,    10.8,    19.8,    39.0,    1.0,  0.00000,      0,      0,       0,       0,       0,       0
total,         52616,   26794,   26794,   26794,     2.0,     1.6,     4.7,     9.3,    17.3,    24.5,    2.0,  0.00778,      0,      0,       0,       0,       0,       0
total,         79776,   27160,   27160,   27160,     2.0,     1.5,     4.6,     9.5,    18.0,    30.2,    3.0,  0.00976,      0,      0,       0,       0,       0,       0
total,        106260,   26484,   26484,   26484,     2.0,     1.6,     4.7,     8.7,    19.5,    40.2,    4.0,  0.00740,      0,      0,       0,       0,       0,       0
total,        133009,   26749,   26749,   26749,     2.0,     1.6,     4.7,    10.7,    18.7,    30.6,    5.0,  0.00596,      0,      0,       0,       0,       0,       0
total,        159380,   26371,   26371,   26371,     2.0,     1.6,     4.8,     9.1,    15.3,    26.3,    6.0,  0.00550,      0,      0,       0,       0,       0,       0
total,        185699,   26319,   26319,   26319,     2.0,     1.6,     4.8,     9.5,    19.4,    30.1,    7.0,  0.00494,      0,      0,       0,       0,       0,       0
total,        212799,   27100,   27100,   27100,     2.0,     1.5,     4.7,     9.2,    21.0,    27.5,    8.0,  0.00476,      0,      0,       0,       0,       0,       0
total,        238844,   26045,   26045,   26045,     2.1,     1.6,     4.7,    10.3,    26.2,    56.5,    9.0,  0.00427,      0,      0,       0,       0,       0,       0
total,        265892,   27048,   27048,   27048,     2.0,     1.6,     4.6,     8.4,    19.9,    35.1,   10.0,  0.00429,      0,      0,       0,       0,       0,       0
total,        292707,   26815,   26815,   26815,     2.0,     1.6,     4.6,     9.9,    19.9,    28.5,   11.0,  0.00391,      0,      0,       0,       0,       0,       0
total,        319593,   26886,   26886,   26886,     2.0,     1.6,     4.7,     8.8,    19.1,    27.5,   12.0,  0.00360,      0,      0,       0,       0,       0,       0
total,        346830,   27237,   27237,   27237,     2.0,     1.6,     4.6,     8.2,    16.5,    22.4,   13.0,  0.00343,      0,      0,       0,       0,       0,       0
total,        373754,   26924,   26924,   26924,     2.0,     1.6,     4.8,     8.9,    16.5,    26.1,   14.0,  0.00319,      0,      0,       0,       0,       0,       0
total,        400450,   26696,   26696,   26696,     2.0,     1.6,     4.7,     9.8,    17.2,    32.3,   15.0,  0.00298,      0,      0,       0,       0,       0,       0
total,        427075,   26625,   26625,   26625,     2.0,     1.6,     4.6,     8.7,    15.7,    30.9,   16.0,  0.00280,      0,      0,       0,       0,       0,       0
total,        454067,   26992,   26992,   26992,     2.0,     1.6,     4.7,     9.3,    18.2,    23.9,   17.0,  0.00264,      0,      0,       0,       0,       0,       0
total,        480910,   26843,   26843,   26843,     2.0,     1.5,     5.0,    10.5,    16.5,    24.7,   18.0,  0.00249,      0,      0,       0,       0,       0,       0
total,        508073,   27163,   27163,   27163,     2.0,     1.6,     4.5,     8.5,    16.7,    58.2,   19.0,  0.00333,      0,      0,       0,       0,       0,       0
total,        534650,   26577,   26577,   26577,     2.0,     1.6,     4.8,     9.1,    15.9,    24.3,   20.0,  0.00325,      0,      0,       0,       0,       0,       0
total,        561723,   27073,   27073,   27073,     2.0,     1.6,     4.6,     9.1,    18.8,    70.3,   21.0,  0.00399,      0,      0,       0,       0,       0,       0
total,        588192,   26469,   26469,   26469,     2.0,     1.6,     4.9,     9.6,    17.3,    57.1,   22.0,  0.00385,      0,      0,       0,       0,       0,       0
total,        615189,   26997,   26997,   26997,     2.0,     1.6,     4.7,     8.8,    22.5,    26.9,   23.0,  0.00368,      0,      0,       0,       0,       0,       0
total,        641146,   25957,   25957,   25957,     2.1,     1.6,     5.1,    10.6,    20.5,    27.9,   24.0,  0.00383,      0,      0,       0,       0,       0,       0
total,        667535,   26389,   26389,   26389,     2.0,     1.6,     4.8,     9.0,    15.1,    24.9,   25.0,  0.00378,      0,      0,       0,       0,       0,       0
total,        694205,   26670,   26670,   26670,     2.0,     1.6,     4.8,     9.2,    16.6,    35.5,   26.0,  0.00364,      0,      0,       0,       0,       0,       0
total,        720656,   26451,   26451,   26451,     2.0,     1.6,     4.7,     9.5,    17.0,    23.8,   27.0,  0.00358,      0,      0,       0,       0,       0,       0
total,        748262,   27606,   27606,   27606,     1.9,     1.6,     4.3,     8.5,    16.7,    24.6,   28.0,  0.00355,      0,      0,       0,       0,       0,       0
total,        774684,   26422,   26422,   26422,     2.0,     1.6,     4.7,     9.1,    19.7,    28.7,   29.0,  0.00348,      0,      0,       0,       0,       0,       0
total,        801241,   26557,   26557,   26557,     2.0,     1.5,     4.6,    11.1,    24.2,    34.0,   30.0,  0.00336,      0,      0,       0,       0,       0,       0
total,        801316,    5978,    5978,    5978,     7.6,    10.8,    13.6,    14.4,    14.5,    14.5,   30.0,  0.08200,      0,      0,       0,       0,       0,       0


Results:
Op rate                   :   26,699 op/s  [READ: 26,699 op/s]
Partition rate            :   26,699 pk/s  [READ: 26,699 pk/s]
Row rate                  :   26,699 row/s [READ: 26,699 row/s]
Latency mean              :    2.0 ms [READ: 2.0 ms]
Latency median            :    1.6 ms [READ: 1.6 ms]
Latency 95th percentile   :    4.7 ms [READ: 4.7 ms]
Latency 99th percentile   :    9.3 ms [READ: 9.3 ms]
Latency 99.9th percentile :   19.0 ms [READ: 19.0 ms]
Latency max               :   70.3 ms [READ: 70.3 ms]
Total partitions          :    801,316 [READ: 801,316]
Total errors              :          0 [READ: 0]
Total GC count            : 0
Total GC memory           : 0.000 KiB
Total GC time             :    0.0 seconds
Avg GC time               :    NaN ms
StdDev GC time            :    0.0 ms
Total operation time      : 00:00:30


Running with 81 threadCount
Running READ with 81 threads until stderr of mean < 0.02
type       total ops,    op/s,    pk/s,   row/s,    mean,     med,     .95,     .99,    .999,     max,   time,   stderr, errors,  gc: #,  max ms,  sum ms,  sdv ms,      mb
total,         29420,   29420,   29420,   29420,     2.6,     2.1,     6.1,    13.7,    27.3,    47.1,    1.0,  0.00000,      0,      0,       0,       0,       0,       0
total,         60658,   31238,   31238,   31238,     2.6,     2.0,     6.4,    11.9,    19.4,    34.3,    2.0,  0.01650,      0,      0,       0,       0,       0,       0
total,         91446,   30788,   30788,   30788,     2.6,     2.1,     6.1,    11.6,    19.9,    58.3,    3.0,  0.01425,      0,      0,       0,       0,       0,       0
total,        121750,   30304,   30304,   30304,     2.7,     2.1,     6.0,    14.2,    27.5,    39.9,    4.0,  0.01107,      0,      0,       0,       0,       0,       0
total,        152765,   31015,   31015,   31015,     2.6,     2.0,     6.4,    12.3,    24.6,    34.0,    5.0,  0.00895,      0,      0,       0,       0,       0,       0
total,        183222,   30457,   30457,   30457,     2.6,     1.9,     6.8,    14.9,    24.6,    44.3,    6.0,  0.00746,      0,      0,       0,       0,       0,       0
total,        213859,   30637,   30637,   30637,     2.6,     2.0,     6.2,    12.9,    23.9,    46.7,    7.0,  0.00646,      0,      0,       0,       0,       0,       0
total,        244597,   30738,   30738,   30738,     2.6,     2.0,     6.5,    13.0,    22.3,    30.1,    8.0,  0.00573,      0,      0,       0,       0,       0,       0
total,        274932,   30335,   30335,   30335,     2.7,     2.1,     6.5,    13.0,    20.8,    29.8,    9.0,  0.00553,      0,      0,       0,       0,       0,       0
total,        305510,   30578,   30578,   30578,     2.6,     2.0,     6.9,    13.9,    24.1,    33.1,   10.0,  0.00502,      0,      0,       0,       0,       0,       0
total,        336986,   31476,   31476,   31476,     2.6,     2.1,     5.8,    11.3,    20.0,    41.1,   11.0,  0.00531,      0,      0,       0,       0,       0,       0
total,        369277,   32291,   32291,   32291,     2.5,     2.0,     5.8,    11.7,    25.4,    38.4,   12.0,  0.00639,      0,      0,       0,       0,       0,       0
total,        400402,   31125,   31125,   31125,     2.6,     2.0,     6.0,    12.8,    26.6,    61.5,   13.0,  0.00642,      0,      0,       0,       0,       0,       0
total,        431368,   30966,   30966,   30966,     2.6,     2.1,     6.2,    10.9,    24.3,    46.9,   14.0,  0.00600,      0,      0,       0,       0,       0,       0
total,        461818,   30450,   30450,   30450,     2.6,     1.9,     6.8,    17.4,    29.0,    43.5,   15.0,  0.00565,      0,      0,       0,       0,       0,       0
total,        491320,   29502,   29502,   29502,     2.7,     2.1,     6.8,    13.7,    24.5,    32.1,   16.0,  0.00616,      0,      0,       0,       0,       0,       0
total,        518320,   27000,   27000,   27000,     3.0,     2.2,     7.8,    16.1,    40.6,    65.0,   17.0,  0.00813,      0,      0,       0,       0,       0,       0
total,        549483,   31163,   31163,   31163,     2.6,     2.1,     6.0,    11.1,    24.0,    44.7,   18.0,  0.00777,      0,      0,       0,       0,       0,       0
total,        579933,   30450,   30450,   30450,     2.6,     2.0,     6.4,    13.2,    29.4,    53.2,   19.0,  0.00737,      0,      0,       0,       0,       0,       0
total,        610262,   30329,   30329,   30329,     2.7,     2.0,     6.4,    14.6,    21.4,    29.8,   20.0,  0.00708,      0,      0,       0,       0,       0,       0
total,        641704,   31442,   31442,   31442,     2.6,     2.0,     6.2,    12.5,    25.0,    43.8,   21.0,  0.00689,      0,      0,       0,       0,       0,       0
total,        672963,   31259,   31259,   31259,     2.6,     2.0,     6.2,    11.8,    20.8,    35.3,   22.0,  0.00661,      0,      0,       0,       0,       0,       0
total,        704018,   31055,   31055,   31055,     2.6,     2.0,     6.4,    11.7,    24.1,    43.8,   23.0,  0.00636,      0,      0,       0,       0,       0,       0
total,        734464,   30446,   30446,   30446,     2.6,     2.0,     6.6,    16.2,    33.9,    53.1,   24.0,  0.00610,      0,      0,       0,       0,       0,       0
total,        764903,   30439,   30439,   30439,     2.6,     2.0,     6.6,    12.8,    21.3,    29.8,   25.0,  0.00590,      0,      0,       0,       0,       0,       0
total,        796013,   31110,   31110,   31110,     2.6,     2.0,     6.5,    12.5,    23.3,    33.8,   26.0,  0.00568,      0,      0,       0,       0,       0,       0
total,        826457,   30444,   30444,   30444,     2.6,     2.0,     6.2,    13.4,    30.0,    34.2,   27.0,  0.00550,      0,      0,       0,       0,       0,       0
total,        857251,   30794,   30794,   30794,     2.6,     2.0,     6.0,    14.8,    26.6,    45.3,   28.0,  0.00531,      0,      0,       0,       0,       0,       0
total,        887809,   30558,   30558,   30558,     2.6,     2.0,     6.4,    12.5,    25.2,    29.8,   29.0,  0.00515,      0,      0,       0,       0,       0,       0
total,        918592,   30783,   30783,   30783,     2.6,     2.0,     6.3,    12.9,    23.2,    39.0,   30.0,  0.00498,      0,      0,       0,       0,       0,       0
total,        918695,   21526,   21526,   21526,     3.5,     3.5,     5.9,     6.3,     6.3,     6.3,   30.0,  0.10858,      0,      0,       0,       0,       0,       0


Results:
Op rate                   :   30,618 op/s  [READ: 30,618 op/s]
Partition rate            :   30,618 pk/s  [READ: 30,618 pk/s]
Row rate                  :   30,618 row/s [READ: 30,618 row/s]
Latency mean              :    2.6 ms [READ: 2.6 ms]
Latency median            :    2.0 ms [READ: 2.0 ms]
Latency 95th percentile   :    6.3 ms [READ: 6.3 ms]
Latency 99th percentile   :   13.1 ms [READ: 13.1 ms]
Latency 99.9th percentile :   24.9 ms [READ: 24.9 ms]
Latency max               :   65.0 ms [READ: 65.0 ms]
Total partitions          :    918,695 [READ: 918,695]
Total errors              :          0 [READ: 0]
Total GC count            : 0
Total GC memory           : 0.000 KiB
Total GC time             :    0.0 seconds
Avg GC time               :    NaN ms
StdDev GC time            :    0.0 ms
Total operation time      : 00:00:30


Running with 121 threadCount
Running READ with 121 threads until stderr of mean < 0.02
type       total ops,    op/s,    pk/s,   row/s,    mean,     med,     .95,     .99,    .999,     max,   time,   stderr, errors,  gc: #,  max ms,  sum ms,  sdv ms,      mb
total,         28011,   28011,   28011,   28011,     3.8,     2.7,     8.7,    19.7,    88.7,    91.8,    1.0,  0.00000,      0,      0,       0,       0,       0,       0
total,         62283,   34272,   34272,   34272,     3.5,     2.6,     9.3,    18.7,    28.5,    38.7,    2.0,  0.05117,      0,      0,       0,       0,       0,       0
total,         97042,   34759,   34759,   34759,     3.5,     2.7,     8.2,    17.0,    31.7,    64.2,    3.0,  0.04494,      0,      0,       0,       0,       0,       0
total,        131563,   34521,   34521,   34521,     3.5,     2.7,     8.8,    15.5,    34.8,    42.7,    4.0,  0.03464,      0,      0,       0,       0,       0,       0
total,        166302,   34739,   34739,   34739,     3.5,     2.7,     8.3,    14.8,    29.5,    41.9,    5.0,  0.02833,      0,      0,       0,       0,       0,       0
total,        201196,   34894,   34894,   34894,     3.5,     2.6,     8.5,    18.2,    29.6,    57.9,    6.0,  0.02470,      0,      0,       0,       0,       0,       0
total,        235383,   34187,   34187,   34187,     3.5,     2.8,     8.3,    18.6,    31.7,    45.9,    7.0,  0.02118,      0,      0,       0,       0,       0,       0
total,        271172,   35789,   35789,   35789,     3.4,     2.6,     8.2,    16.1,    30.6,    54.2,    8.0,  0.01985,      0,      0,       0,       0,       0,       0
total,        305631,   34459,   34459,   34459,     3.5,     2.7,     8.8,    17.2,    32.0,    50.8,    9.0,  0.01767,      0,      0,       0,       0,       0,       0
total,        340880,   35249,   35249,   35249,     3.4,     2.6,     9.0,    18.7,    26.3,    41.8,   10.0,  0.01604,      0,      0,       0,       0,       0,       0
total,        376018,   35138,   35138,   35138,     3.4,     2.7,     8.3,    14.8,    22.9,    44.2,   11.0,  0.01468,      0,      0,       0,       0,       0,       0
total,        410638,   34620,   34620,   34620,     3.5,     2.7,     8.4,    17.2,    29.4,    45.0,   12.0,  0.01346,      0,      0,       0,       0,       0,       0
total,        445940,   35302,   35302,   35302,     3.4,     2.6,     8.6,    16.7,    31.4,    51.6,   13.0,  0.01262,      0,      0,       0,       0,       0,       0
total,        481118,   35178,   35178,   35178,     3.4,     2.6,     8.4,    15.3,    26.5,    50.5,   14.0,  0.01182,      0,      0,       0,       0,       0,       0
total,        516012,   34894,   34894,   34894,     3.4,     2.6,     8.4,    16.7,    32.1,    64.6,   15.0,  0.01117,      0,      0,       0,       0,       0,       0
total,        550893,   34881,   34881,   34881,     3.4,     2.7,     8.7,    15.0,    24.0,    79.4,   16.0,  0.01078,      0,      0,       0,       0,       0,       0
total,        585796,   34903,   34903,   34903,     3.5,     2.7,     8.0,    17.0,    32.3,    47.8,   17.0,  0.01015,      0,      0,       0,       0,       0,       0
total,        620749,   34953,   34953,   34953,     3.4,     2.7,     8.6,    16.0,    26.2,    50.4,   18.0,  0.00960,      0,      0,       0,       0,       0,       0
total,        655424,   34675,   34675,   34675,     3.5,     2.7,     8.6,    15.5,    30.3,    51.3,   19.0,  0.00909,      0,      0,       0,       0,       0,       0
total,        690277,   34853,   34853,   34853,     3.5,     2.6,     8.8,    18.6,    38.5,    50.3,   20.0,  0.00864,      0,      0,       0,       0,       0,       0
total,        724719,   34442,   34442,   34442,     3.5,     2.6,     9.4,    17.1,    31.7,    40.8,   21.0,  0.00827,      0,      0,       0,       0,       0,       0
total,        760169,   35450,   35450,   35450,     3.4,     2.6,     8.4,    17.1,    34.1,    45.4,   22.0,  0.00793,      0,      0,       0,       0,       0,       0
total,        794974,   34805,   34805,   34805,     3.5,     2.5,     8.9,    18.4,    36.5,    55.0,   23.0,  0.00760,      0,      0,       0,       0,       0,       0
total,        829675,   34701,   34701,   34701,     3.5,     2.6,     8.6,    16.4,    29.5,    48.0,   24.0,  0.00728,      0,      0,       0,       0,       0,       0
total,        864307,   34632,   34632,   34632,     3.5,     2.6,     8.6,    16.0,    35.0,    51.4,   25.0,  0.00699,      0,      0,       0,       0,       0,       0
total,        898424,   34117,   34117,   34117,     3.5,     2.7,     9.1,    17.3,    25.9,    45.5,   26.0,  0.00677,      0,      0,       0,       0,       0,       0
total,        933108,   34684,   34684,   34684,     3.5,     2.5,     9.1,    18.9,    33.0,    51.7,   27.0,  0.00652,      0,      0,       0,       0,       0,       0
total,        967593,   34485,   34485,   34485,     3.5,     2.6,     8.6,    17.9,    33.1,    43.3,   28.0,  0.00630,      0,      0,       0,       0,       0,       0
total,       1001882,   34289,   34289,   34289,     3.5,     2.6,     9.2,    17.5,    33.3,    41.9,   29.0,  0.00611,      0,      0,       0,       0,       0,       0
total,       1036836,   34954,   34954,   34954,     3.4,     2.6,     8.7,    17.2,    33.3,    46.1,   30.0,  0.00591,      0,      0,       0,       0,       0,       0
total,       1036972,   12077,   12077,   12077,     9.5,     7.7,    18.8,    22.1,    22.5,    22.5,   30.0,  0.04462,      0,      0,       0,       0,       0,       0


Results:
Op rate                   :   34,553 op/s  [READ: 34,553 op/s]
Partition rate            :   34,553 pk/s  [READ: 34,553 pk/s]
Row rate                  :   34,553 row/s [READ: 34,553 row/s]
Latency mean              :    3.5 ms [READ: 3.5 ms]
Latency median            :    2.6 ms [READ: 2.6 ms]
Latency 95th percentile   :    8.7 ms [READ: 8.7 ms]
Latency 99th percentile   :   17.0 ms [READ: 17.0 ms]
Latency 99.9th percentile :   31.9 ms [READ: 31.9 ms]
Latency max               :   91.8 ms [READ: 91.8 ms]
Total partitions          :  1,036,972 [READ: 1,036,972]
Total errors              :          0 [READ: 0]
Total GC count            : 0
Total GC memory           : 0.000 KiB
Total GC time             :    0.0 seconds
Avg GC time               :    NaN ms
StdDev GC time            :    0.0 ms
Total operation time      : 00:00:30


Running with 181 threadCount
Running READ with 181 threads until stderr of mean < 0.02
type       total ops,    op/s,    pk/s,   row/s,    mean,     med,     .95,     .99,    .999,     max,   time,   stderr, errors,  gc: #,  max ms,  sum ms,  sdv ms,      mb
total,         35424,   35424,   35424,   35424,     4.7,     3.6,    12.2,    22.5,    38.0,    65.2,    1.0,  0.00000,      0,      0,       0,       0,       0,       0
total,         75017,   39593,   39593,   39593,     4.6,     3.5,    10.9,    21.0,    49.6,    71.2,    2.0,  0.04159,      0,      0,       0,       0,       0,       0
total,        112748,   37731,   37731,   37731,     4.8,     3.5,    12.4,    27.3,    40.1,    62.6,    3.0,  0.02773,      0,      0,       0,       0,       0,       0
total,        151315,   38567,   38567,   38567,     4.7,     3.4,    12.9,    24.8,    35.7,    66.1,    4.0,  0.02139,      0,      0,       0,       0,       0,       0
total,        187233,   35918,   35918,   35918,     5.0,     3.7,    13.7,    27.5,    51.0,   100.5,    5.0,  0.01736,      0,      0,       0,       0,       0,       0
total,        224445,   37212,   37212,   37212,     4.8,     3.6,    12.3,    25.3,    46.9,    91.3,    6.0,  0.01458,      0,      0,       0,       0,       0,       0
total,        259457,   35012,   35012,   35012,     5.2,     4.1,    12.7,    24.0,    37.5,    59.0,    7.0,  0.01666,      0,      0,       0,       0,       0,       0
total,        298248,   38791,   38791,   38791,     4.7,     3.4,    11.8,    21.9,    52.9,    71.6,    8.0,  0.01538,      0,      0,       0,       0,       0,       0
total,        336286,   38038,   38038,   38038,     4.7,     3.7,    12.5,    18.5,    37.7,    54.2,    9.0,  0.01367,      0,      0,       0,       0,       0,       0
total,        375602,   39316,   39316,   39316,     4.6,     3.5,    11.6,    21.0,    46.3,    56.0,   10.0,  0.01270,      0,      0,       0,       0,       0,       0
total,        414838,   39236,   39236,   39236,     4.6,     3.5,    12.0,    20.4,    38.5,    67.6,   11.0,  0.01206,      0,      0,       0,       0,       0,       0
total,        453488,   38650,   38650,   38650,     4.6,     3.8,    11.0,    18.5,    29.6,    48.4,   12.0,  0.01105,      0,      0,       0,       0,       0,       0
total,        491770,   38282,   38282,   38282,     4.7,     3.3,    13.2,    27.5,    40.9,    56.6,   13.0,  0.01020,      0,      0,       0,       0,       0,       0
total,        530211,   38441,   38441,   38441,     4.7,     3.4,    11.8,    25.2,    37.0,    65.0,   14.0,  0.00951,      0,      0,       0,       0,       0,       0
total,        567629,   37418,   37418,   37418,     4.8,     3.8,    11.5,    22.3,    39.5,    60.4,   15.0,  0.00897,      0,      0,       0,       0,       0,       0
total,        605920,   38291,   38291,   38291,     4.7,     3.6,    12.3,    21.5,    33.3,    58.6,   16.0,  0.00841,      0,      0,       0,       0,       0,       0
total,        644124,   38204,   38204,   38204,     4.7,     3.6,    12.4,    20.6,    30.1,    54.9,   17.0,  0.00792,      0,      0,       0,       0,       0,       0
total,        682828,   38704,   38704,   38704,     4.7,     3.5,    12.2,    22.6,    31.8,    83.2,   18.0,  0.00779,      0,      0,       0,       0,       0,       0
total,        720138,   37310,   37310,   37310,     4.9,     3.7,    12.2,    23.0,    39.5,    55.0,   19.0,  0.00753,      0,      0,       0,       0,       0,       0
total,        758681,   38543,   38543,   38543,     4.6,     3.4,    12.3,    23.2,    35.8,    64.6,   20.0,  0.00719,      0,      0,       0,       0,       0,       0
total,        797785,   39104,   39104,   39104,     4.7,     3.4,    12.8,    22.9,    37.4,    68.2,   21.0,  0.00701,      0,      0,       0,       0,       0,       0
total,        836211,   38426,   38426,   38426,     4.7,     3.5,    12.5,    22.5,    48.3,    66.2,   22.0,  0.00671,      0,      0,       0,       0,       0,       0
total,        874498,   38287,   38287,   38287,     4.7,     3.5,    11.8,    25.6,    39.8,    65.2,   23.0,  0.00642,      0,      0,       0,       0,       0,       0
total,        912237,   37739,   37739,   37739,     4.8,     3.3,    13.8,    24.9,    42.1,    71.3,   24.0,  0.00616,      0,      0,       0,       0,       0,       0
total,        950474,   38237,   38237,   38237,     4.7,     3.5,    13.1,    21.8,    34.0,    50.6,   25.0,  0.00593,      0,      0,       0,       0,       0,       0
total,        988920,   38446,   38446,   38446,     4.7,     3.7,    11.1,    21.2,    36.4,    52.4,   26.0,  0.00570,      0,      0,       0,       0,       0,       0
total,       1026978,   38058,   38058,   38058,     4.7,     3.7,    11.7,    19.8,    31.7,    53.8,   27.0,  0.00551,      0,      0,       0,       0,       0,       0
total,       1066319,   39341,   39341,   39341,     4.5,     3.4,    11.8,    21.9,    33.5,    49.4,   28.0,  0.00534,      0,      0,       0,       0,       0,       0
total,       1104465,   38146,   38146,   38146,     4.8,     3.6,    12.4,    25.8,    45.8,    63.5,   29.0,  0.00516,      0,      0,       0,       0,       0,       0
total,       1143715,   39250,   39250,   39250,     4.6,     3.7,    10.9,    18.3,    27.9,    52.4,   30.0,  0.00502,      0,      0,       0,       0,       0,       0
total,       1143896,   10955,   10955,   10955,    26.4,    22.9,    50.0,    50.2,    50.3,    50.3,   30.0,  0.03761,      0,      0,       0,       0,       0,       0


Results:
Op rate                   :   38,109 op/s  [READ: 38,109 op/s]
Partition rate            :   38,109 pk/s  [READ: 38,109 pk/s]
Row rate                  :   38,109 row/s [READ: 38,109 row/s]
Latency mean              :    4.7 ms [READ: 4.7 ms]
Latency median            :    3.6 ms [READ: 3.6 ms]
Latency 95th percentile   :   12.2 ms [READ: 12.2 ms]
Latency 99th percentile   :   22.9 ms [READ: 22.9 ms]
Latency 99.9th percentile :   40.0 ms [READ: 40.0 ms]
Latency max               :  100.5 ms [READ: 100.5 ms]
Total partitions          :  1,143,896 [READ: 1,143,896]
Total errors              :          0 [READ: 0]
Total GC count            : 0
Total GC memory           : 0.000 KiB
Total GC time             :    0.0 seconds
Avg GC time               :    NaN ms
StdDev GC time            :    0.0 ms
Total operation time      : 00:00:30


Running with 271 threadCount
Running READ with 271 threads until stderr of mean < 0.02
type       total ops,    op/s,    pk/s,   row/s,    mean,     med,     .95,     .99,    .999,     max,   time,   stderr, errors,  gc: #,  max ms,  sum ms,  sdv ms,      mb
total,         39724,   39724,   39724,   39724,     6.2,     5.1,    14.7,    25.5,    39.0,    86.6,    1.0,  0.00000,      0,      0,       0,       0,       0,       0
total,         81535,   41811,   41811,   41811,     6.5,     5.0,    17.7,    28.6,    45.4,    91.8,    2.0,  0.02011,      0,      0,       0,       0,       0,       0
total,        122892,   41357,   41357,   41357,     6.5,     4.9,    17.5,    30.5,    49.8,    82.0,    3.0,  0.01349,      0,      0,       0,       0,       0,       0
total,        163838,   40946,   40946,   40946,     6.6,     4.9,    17.5,    34.4,    66.6,    87.9,    4.0,  0.01012,      0,      0,       0,       0,       0,       0
total,        205394,   41556,   41556,   41556,     6.5,     4.8,    16.7,    31.9,    48.0,   101.0,    5.0,  0.00967,      0,      0,       0,       0,       0,       0
total,        246718,   41324,   41324,   41324,     6.5,     5.0,    16.7,    31.5,    51.5,    82.8,    6.0,  0.00807,      0,      0,       0,       0,       0,       0
total,        288180,   41462,   41462,   41462,     6.5,     5.0,    16.6,    31.2,    54.8,    98.8,    7.0,  0.00736,      0,      0,       0,       0,       0,       0
total,        329297,   41117,   41117,   41117,     6.6,     4.9,    18.2,    32.5,    56.2,    73.3,    8.0,  0.00685,      0,      0,       0,       0,       0,       0
total,        370052,   40755,   40755,   40755,     6.6,     5.0,    17.5,    31.6,    48.7,   101.0,    9.0,  0.00610,      0,      0,       0,       0,       0,       0
total,        412203,   42151,   42151,   42151,     6.4,     4.5,    17.7,    36.8,    65.4,    82.2,   10.0,  0.00571,      0,      0,       0,       0,       0,       0
total,        453383,   41180,   41180,   41180,     6.6,     4.7,    19.2,    32.8,    68.6,    92.0,   11.0,  0.00520,      0,      0,       0,       0,       0,       0
total,        492879,   39496,   39496,   39496,     6.8,     5.5,    16.6,    28.7,    56.1,    71.2,   12.0,  0.00680,      0,      0,       0,       0,       0,       0
total,        534850,   41971,   41971,   41971,     6.3,     4.8,    16.9,    30.6,    44.9,    80.7,   13.0,  0.00636,      0,      0,       0,       0,       0,       0
total,        576763,   41913,   41913,   41913,     6.6,     4.9,    16.6,    30.5,    63.1,    89.3,   14.0,  0.00607,      0,      0,       0,       0,       0,       0
total,        618296,   41533,   41533,   41533,     6.5,     4.8,    17.4,    30.9,    53.2,    60.8,   15.0,  0.00582,      0,      0,       0,       0,       0,       0
total,        657082,   38786,   38786,   38786,     7.0,     4.8,    21.3,    33.1,    47.3,   105.1,   16.0,  0.00595,      0,      0,       0,       0,       0,       0
total,        698242,   41160,   41160,   41160,     6.6,     4.9,    17.0,    29.0,    45.8,    66.4,   17.0,  0.00572,      0,      0,       0,       0,       0,       0
total,        739098,   40856,   40856,   40856,     6.6,     5.1,    16.3,    27.9,    55.7,    68.7,   18.0,  0.00555,      0,      0,       0,       0,       0,       0
total,        781040,   41942,   41942,   41942,     6.5,     4.9,    16.8,    33.9,    65.2,    90.7,   19.0,  0.00545,      0,      0,       0,       0,       0,       0
total,        821966,   40926,   40926,   40926,     6.6,     5.2,    17.1,    29.0,    51.7,    74.6,   20.0,  0.00523,      0,      0,       0,       0,       0,       0
total,        863454,   41488,   41488,   41488,     6.5,     4.8,    18.3,    29.1,    41.7,    58.2,   21.0,  0.00506,      0,      0,       0,       0,       0,       0
total,        905770,   42316,   42316,   42316,     6.4,     4.8,    17.2,    28.1,    68.0,    77.9,   22.0,  0.00494,      0,      0,       0,       0,       0,       0
total,        947483,   41713,   41713,   41713,     6.5,     5.1,    15.9,    28.5,    46.9,    78.0,   23.0,  0.00473,      0,      0,       0,       0,       0,       0
total,        987371,   39888,   39888,   39888,     6.8,     5.0,    19.2,    34.2,    98.3,   174.7,   24.0,  0.00548,      0,      0,       0,       0,       0,       0
total,       1029037,   41666,   41666,   41666,     6.5,     4.8,    16.9,    34.3,    53.1,    72.0,   25.0,  0.00526,      0,      0,       0,       0,       0,       0
total,       1068584,   39547,   39547,   39547,     6.8,     5.2,    18.6,    31.2,    62.5,    95.0,   26.0,  0.00519,      0,      0,       0,       0,       0,       0
total,       1109843,   41259,   41259,   41259,     6.5,     5.0,    16.7,    31.0,    50.7,   111.0,   27.0,  0.00512,      0,      0,       0,       0,       0,       0
total,       1151356,   41513,   41513,   41513,     6.5,     5.0,    17.8,    26.8,    41.3,    78.8,   28.0,  0.00494,      0,      0,       0,       0,       0,       0
total,       1192177,   40821,   40821,   40821,     6.6,     5.1,    16.5,    34.0,    46.2,    83.8,   29.0,  0.00478,      0,      0,       0,       0,       0,       0
total,       1232625,   40448,   40448,   40448,     6.7,     5.1,    17.7,    31.4,    53.3,    79.2,   30.0,  0.00470,      0,      0,       0,       0,       0,       0
total,       1233032,   16279,   16279,   16279,    16.4,    18.0,    26.1,    28.7,    35.9,    35.9,   30.0,  0.06195,      0,      0,       0,       0,       0,       0


Results:
Op rate                   :   41,067 op/s  [READ: 41,067 op/s]
Partition rate            :   41,067 pk/s  [READ: 41,067 pk/s]
Row rate                  :   41,067 row/s [READ: 41,067 row/s]
Latency mean              :    6.6 ms [READ: 6.6 ms]
Latency median            :    4.9 ms [READ: 4.9 ms]
Latency 95th percentile   :   17.4 ms [READ: 17.4 ms]
Latency 99th percentile   :   31.0 ms [READ: 31.0 ms]
Latency 99.9th percentile :   54.8 ms [READ: 54.8 ms]
Latency max               :  174.7 ms [READ: 174.7 ms]
Total partitions          :  1,233,032 [READ: 1,233,032]
Total errors              :          0 [READ: 0]
Total GC count            : 0
Total GC memory           : 0.000 KiB
Total GC time             :    0.0 seconds
Avg GC time               :    NaN ms
StdDev GC time            :    0.0 ms
Total operation time      : 00:00:30


Running with 406 threadCount
Running READ with 406 threads until stderr of mean < 0.02
type       total ops,    op/s,    pk/s,   row/s,    mean,     med,     .95,     .99,    .999,     max,   time,   stderr, errors,  gc: #,  max ms,  sum ms,  sdv ms,      mb
total,         40106,   40106,   40106,   40106,     8.9,     7.4,    21.1,    35.8,    62.4,   132.7,    1.0,  0.00000,      0,      0,       0,       0,       0,       0
total,         77658,   37552,   37552,   37552,    10.6,     6.8,    25.8,   146.9,   175.9,   190.6,    2.0,  0.00115,      0,      0,       0,       0,       0,       0
total,        121969,   44311,   44311,   44311,     9.1,     6.8,    23.9,    36.7,    69.7,   101.6,    3.0,  0.01729,      0,      0,       0,       0,       0,       0
total,        162826,   40857,   40857,   40857,     9.9,     7.0,    29.9,    42.7,    81.0,    99.4,    4.0,  0.01591,      0,      0,       0,       0,       0,       0
total,        207546,   44720,   44720,   44720,     9.1,     6.8,    24.3,    41.1,    74.4,   110.6,    5.0,  0.01805,      0,      0,       0,       0,       0,       0
total,        250845,   43299,   43299,   43299,     9.2,     7.1,    23.3,    42.6,    63.6,   112.3,    6.0,  0.01550,      0,      0,       0,       0,       0,       0
total,        294480,   43635,   43635,   43635,     9.4,     7.3,    25.3,    38.2,    57.0,   135.0,    7.0,  0.01514,      0,      0,       0,       0,       0,       0
total,        338082,   43602,   43602,   43602,     9.3,     7.0,    25.3,    43.9,    67.0,    82.5,    8.0,  0.01335,      0,      0,       0,       0,       0,       0
total,        381040,   42958,   42958,   42958,     9.4,     7.5,    23.6,    35.8,    51.8,    85.7,    9.0,  0.01212,      0,      0,       0,       0,       0,       0
total,        425572,   44532,   44532,   44532,     9.1,     6.6,    24.8,    41.5,    74.6,    91.2,   10.0,  0.01109,      0,      0,       0,       0,       0,       0
total,        468880,   43308,   43308,   43308,     9.4,     6.7,    27.4,    46.7,    60.6,   112.7,   11.0,  0.01016,      0,      0,       0,       0,       0,       0
total,        512171,   43291,   43291,   43291,     9.3,     7.1,    25.1,    43.1,    63.6,    78.7,   12.0,  0.00952,      0,      0,       0,       0,       0,       0
total,        555476,   43305,   43305,   43305,     9.3,     7.4,    24.4,    37.0,    69.9,   108.3,   13.0,  0.00882,      0,      0,       0,       0,       0,       0
total,        599230,   43754,   43754,   43754,     9.3,     7.2,    24.6,    35.6,    57.9,    80.5,   14.0,  0.00822,      0,      0,       0,       0,       0,       0
total,        642853,   43623,   43623,   43623,     9.2,     6.7,    24.0,    44.4,    76.9,   117.3,   15.0,  0.00788,      0,      0,       0,       0,       0,       0
total,        687331,   44478,   44478,   44478,     9.1,     6.9,    24.3,    39.9,    73.6,   161.0,   16.0,  0.00956,      0,      0,       0,       0,       0,       0
total,        730400,   43069,   43069,   43069,     9.4,     6.8,    27.3,    41.7,    55.4,    90.6,   17.0,  0.00910,      0,      0,       0,       0,       0,       0
total,        775236,   44836,   44836,   44836,     9.0,     6.8,    23.7,    39.8,    53.6,    85.3,   18.0,  0.00861,      0,      0,       0,       0,       0,       0
total,        817079,   41843,   41843,   41843,     9.5,     7.7,    22.8,    40.9,    63.9,    68.2,   19.0,  0.00899,      0,      0,       0,       0,       0,       0
total,        859798,   42719,   42719,   42719,     9.6,     8.0,    23.0,    39.4,    63.9,   116.0,   20.0,  0.00854,      0,      0,       0,       0,       0,       0
total,        902957,   43159,   43159,   43159,     9.3,     7.3,    23.0,    41.1,    66.0,    97.6,   21.0,  0.00815,      0,      0,       0,       0,       0,       0
total,        945228,   42271,   42271,   42271,     9.6,     7.2,    26.1,    45.3,    67.6,    90.2,   22.0,  0.00795,      0,      0,       0,       0,       0,       0
total,        989452,   44224,   44224,   44224,     9.2,     6.7,    24.2,    45.9,    63.7,   103.6,   23.0,  0.00767,      0,      0,       0,       0,       0,       0
total,       1031429,   41977,   41977,   41977,     9.6,     7.2,    25.4,    40.8,    60.4,    79.1,   24.0,  0.00769,      0,      0,       0,       0,       0,       0
total,       1073584,   42155,   42155,   42155,     9.7,     7.3,    26.3,    42.1,    55.7,   272.6,   25.0,  0.01085,      0,      0,       0,       0,       0,       0
total,       1117019,   43435,   43435,   43435,     9.3,     7.2,    23.8,    43.5,    56.8,    86.4,   26.0,  0.01046,      0,      0,       0,       0,       0,       0
total,       1159846,   42827,   42827,   42827,     9.4,     7.0,    24.6,    46.6,    90.7,   171.3,   27.0,  0.01034,      0,      0,       0,       0,       0,       0
total,       1203661,   43815,   43815,   43815,     9.2,     7.0,    24.3,    36.6,    53.5,    80.7,   28.0,  0.01000,      0,      0,       0,       0,       0,       0
total,       1246743,   43082,   43082,   43082,     9.4,     7.0,    25.7,    41.1,    82.6,   102.8,   29.0,  0.00966,      0,      0,       0,       0,       0,       0
total,       1290434,   43691,   43691,   43691,     9.3,     7.4,    22.4,    33.7,    63.0,    94.6,   30.0,  0.00934,      0,      0,       0,       0,       0,       0
total,       1290942,   29778,   29778,   29778,    12.7,    12.4,    21.1,    23.5,    26.1,    28.4,   30.0,  0.06592,      0,      0,       0,       0,       0,       0


Results:
Op rate                   :   43,007 op/s  [READ: 43,007 op/s]
Partition rate            :   43,007 pk/s  [READ: 43,007 pk/s]
Row rate                  :   43,007 row/s [READ: 43,007 row/s]
Latency mean              :    9.4 ms [READ: 9.4 ms]
Latency median            :    7.1 ms [READ: 7.1 ms]
Latency 95th percentile   :   24.6 ms [READ: 24.6 ms]
Latency 99th percentile   :   41.4 ms [READ: 41.4 ms]
Latency 99.9th percentile :   70.3 ms [READ: 70.3 ms]
Latency max               :  272.6 ms [READ: 272.6 ms]
Total partitions          :  1,290,942 [READ: 1,290,942]
Total errors              :          0 [READ: 0]
Total GC count            : 0
Total GC memory           : 0.000 KiB
Total GC time             :    0.0 seconds
Avg GC time               :    NaN ms
StdDev GC time            :    0.0 ms
Total operation time      : 00:00:30


Running with 609 threadCount
Running READ with 609 threads until stderr of mean < 0.02
type       total ops,    op/s,    pk/s,   row/s,    mean,     med,     .95,     .99,    .999,     max,   time,   stderr, errors,  gc: #,  max ms,  sum ms,  sdv ms,      mb
total,         40258,   40258,   40258,   40258,    12.9,    10.0,    33.3,    52.7,    68.4,   123.7,    1.0,  0.00000,      0,      0,       0,       0,       0,       0
total,         85250,   44992,   44992,   44992,    13.4,    10.3,    36.8,    52.7,    64.4,   128.8,    2.0,  0.04130,      0,      0,       0,       0,       0,       0
total,        130113,   44863,   44863,   44863,    13.5,    10.4,    35.0,    53.2,    70.2,   147.3,    3.0,  0.03394,      0,      0,       0,       0,       0,       0
total,        174343,   44230,   44230,   44230,    13.2,    10.0,    33.3,    58.6,    76.6,   168.6,    4.0,  0.02838,      0,      0,       0,       0,       0,       0
total,        219930,   45587,   45587,   45587,    13.3,    10.9,    31.4,    43.9,    70.5,   103.0,    5.0,  0.02271,      0,      0,       0,       0,       0,       0
total,        265368,   45438,   45438,   45438,    13.2,    10.3,    32.0,    59.6,   111.2,   139.1,    6.0,  0.01967,      0,      0,       0,       0,       0,       0
total,        309232,   43864,   43864,   43864,    13.9,    10.0,    40.7,    72.5,   133.8,   183.0,    7.0,  0.01795,      0,      0,       0,       0,       0,       0
total,        355005,   45773,   45773,   45773,    13.0,    10.9,    31.9,    50.4,    63.3,   124.6,    8.0,  0.01577,      0,      0,       0,       0,       0,       0
total,        398128,   43123,   43123,   43123,    13.9,    10.4,    36.1,    57.4,   142.7,   150.9,    9.0,  0.01415,      0,      0,       0,       0,       0,       0
total,        443657,   45529,   45529,   45529,    13.4,     9.6,    36.8,    59.7,   100.1,   155.7,   10.0,  0.01341,      0,      0,       0,       0,       0,       0
total,        488470,   44813,   44813,   44813,    13.5,    10.3,    35.5,    57.6,    76.0,   174.9,   11.0,  0.01286,      0,      0,       0,       0,       0,       0
total,        534368,   45898,   45898,   45898,    13.2,     9.9,    35.7,    55.4,   112.7,   130.4,   12.0,  0.01183,      0,      0,       0,       0,       0,       0
total,        578286,   43918,   43918,   43918,    13.8,    10.4,    36.7,    58.0,   154.3,   175.0,   13.0,  0.01103,      0,      0,       0,       0,       0,       0
total,        623236,   44950,   44950,   44950,    13.5,    10.0,    39.0,    60.0,    79.0,    99.8,   14.0,  0.01068,      0,      0,       0,       0,       0,       0
total,        668232,   44996,   44996,   44996,    13.5,    11.1,    31.2,    48.9,   101.9,   113.1,   15.0,  0.01011,      0,      0,       0,       0,       0,       0
total,        714505,   46273,   46273,   46273,    13.1,     9.9,    33.5,    50.9,    86.4,   142.7,   16.0,  0.00975,      0,      0,       0,       0,       0,       0
total,        759909,   45404,   45404,   45404,    13.3,    10.2,    36.8,    50.0,    73.4,   119.8,   17.0,  0.00920,      0,      0,       0,       0,       0,       0
total,        805879,   45970,   45970,   45970,    13.2,    10.0,    33.8,    51.6,    86.8,   136.1,   18.0,  0.00876,      0,      0,       0,       0,       0,       0
total,        848495,   42616,   42616,   42616,    14.2,    11.0,    36.9,    53.4,    76.9,   156.0,   19.0,  0.00846,      0,      0,       0,       0,       0,       0
total,        893942,   45447,   45447,   45447,    13.4,    10.6,    33.9,    49.9,    65.9,   112.7,   20.0,  0.00808,      0,      0,       0,       0,       0,       0
total,        938940,   44998,   44998,   44998,    13.4,    10.0,    37.5,    55.7,    77.7,   144.4,   21.0,  0.00771,      0,      0,       0,       0,       0,       0
total,        984453,   45513,   45513,   45513,    13.4,    10.4,    33.6,    53.3,    85.6,   115.8,   22.0,  0.00738,      0,      0,       0,       0,       0,       0
total,       1029127,   44674,   44674,   44674,    13.7,    10.7,    34.7,    51.5,    81.7,   165.9,   23.0,  0.00717,      0,      0,       0,       0,       0,       0
total,       1074103,   44976,   44976,   44976,    13.5,    11.2,    31.7,    45.5,    72.5,   134.9,   24.0,  0.00687,      0,      0,       0,       0,       0,       0
total,       1119714,   45611,   45611,   45611,    13.3,    10.5,    32.8,    55.6,    74.9,   112.0,   25.0,  0.00662,      0,      0,       0,       0,       0,       0
total,       1165763,   46049,   46049,   46049,    13.2,    10.4,    33.7,    50.4,    74.4,   112.6,   26.0,  0.00636,      0,      0,       0,       0,       0,       0
total,       1210906,   45143,   45143,   45143,    13.4,    10.6,    33.3,    51.4,    67.9,    90.8,   27.0,  0.00635,      0,      0,       0,       0,       0,       0
total,       1258119,   47213,   47213,   47213,    12.9,    10.1,    32.0,    49.2,    75.0,   120.1,   28.0,  0.00623,      0,      0,       0,       0,       0,       0
total,       1301392,   43273,   43273,   43273,    13.8,    10.8,    35.1,    53.4,    82.8,   102.5,   29.0,  0.00651,      0,      0,       0,       0,       0,       0
total,       1347896,   46504,   46504,   46504,    13.1,     9.8,    34.2,    58.6,    82.1,   182.1,   30.0,  0.00702,      0,      0,       0,       0,       0,       0
total,       1348710,   19423,   19423,   19423,    33.8,    36.9,    53.3,    56.0,    62.7,   103.4,   30.0,  0.04210,      0,      0,       0,       0,       0,       0


Results:
Op rate                   :   44,894 op/s  [READ: 44,894 op/s]
Partition rate            :   44,894 pk/s  [READ: 44,894 pk/s]
Row rate                  :   44,894 row/s [READ: 44,894 row/s]
Latency mean              :   13.4 ms [READ: 13.4 ms]
Latency median            :   10.4 ms [READ: 10.4 ms]
Latency 95th percentile   :   34.5 ms [READ: 34.5 ms]
Latency 99th percentile   :   54.6 ms [READ: 54.6 ms]
Latency 99.9th percentile :   86.8 ms [READ: 86.8 ms]
Latency max               :  183.0 ms [READ: 183.0 ms]
Total partitions          :  1,348,710 [READ: 1,348,710]
Total errors              :          0 [READ: 0]
Total GC count            : 0
Total GC memory           : 0.000 KiB
Total GC time             :    0.0 seconds
Avg GC time               :    NaN ms
StdDev GC time            :    0.0 ms
Total operation time      : 00:00:30


Running with 913 threadCount
Running READ with 913 threads until stderr of mean < 0.02
type       total ops,    op/s,    pk/s,   row/s,    mean,     med,     .95,     .99,    .999,     max,   time,   stderr, errors,  gc: #,  max ms,  sum ms,  sdv ms,      mb
total,         28896,   28896,   28896,   28896,    21.8,    15.9,    55.7,   142.0,   223.5,   326.1,    1.0,  0.00000,      0,      0,       0,       0,       0,       0
total,         72955,   44059,   44059,   44059,    20.1,    15.6,    52.1,    82.1,   144.6,   146.3,    2.0,  0.06532,      0,      0,       0,       0,       0,       0
total,        119478,   46523,   46523,   46523,    19.8,    16.3,    51.7,    88.3,   124.7,   182.2,    3.0,  0.06609,      0,      0,       0,       0,       0,       0
total,        167412,   47934,   47934,   47934,    19.1,    14.9,    49.2,    83.3,   128.8,   165.3,    4.0,  0.05596,      0,      0,       0,       0,       0,       0
total,        214031,   46619,   46619,   46619,    19.5,    16.2,    50.0,    74.4,    91.8,   229.9,    5.0,  0.05146,      0,      0,       0,       0,       0,       0
total,        261861,   47830,   47830,   47830,    18.8,    14.6,    47.0,    82.0,   122.3,   203.6,    6.0,  0.04544,      0,      0,       0,       0,       0,       0
total,        309017,   47156,   47156,   47156,    19.2,    14.1,    49.6,    93.7,   127.8,   153.4,    7.0,  0.03891,      0,      0,       0,       0,       0,       0
total,        355114,   46097,   46097,   46097,    20.1,    14.1,    58.1,   103.0,   155.5,   244.2,    8.0,  0.03585,      0,      0,       0,       0,       0,       0
total,        401684,   46570,   46570,   46570,    19.5,    15.8,    47.3,    91.8,   126.2,   175.0,    9.0,  0.03185,      0,      0,       0,       0,       0,       0
total,        448596,   46912,   46912,   46912,    19.0,    14.3,    49.9,    84.3,   135.9,   197.7,   10.0,  0.02888,      0,      0,       0,       0,       0,       0
total,        495835,   47239,   47239,   47239,    19.4,    15.9,    46.2,    71.7,   113.8,   125.5,   11.0,  0.02654,      0,      0,       0,       0,       0,       0
total,        543094,   47259,   47259,   47259,    19.2,    15.4,    47.3,    81.1,   102.3,   139.1,   12.0,  0.02441,      0,      0,       0,       0,       0,       0
total,        590361,   47267,   47267,   47267,    19.3,    16.1,    44.0,    71.2,    92.8,   175.5,   13.0,  0.02257,      0,      0,       0,       0,       0,       0
total,        638015,   47654,   47654,   47654,    19.0,    14.2,    47.1,    76.2,   116.6,   156.2,   14.0,  0.02096,      0,      0,       0,       0,       0,       0
total,        686097,   48082,   48082,   48082,    19.0,    14.4,    48.9,    77.8,   122.3,   127.5,   15.0,  0.01960,      0,      0,       0,       0,       0,       0
total,        733606,   47509,   47509,   47509,    19.1,    15.8,    44.8,    66.2,    86.3,   148.6,   16.0,  0.01838,      0,      0,       0,       0,       0,       0
total,        781717,   48111,   48111,   48111,    18.9,    14.3,    51.0,    75.8,   108.9,   198.3,   17.0,  0.01772,      0,      0,       0,       0,       0,       0
total,        828529,   46812,   46812,   46812,    19.2,    15.6,    48.9,    61.2,    83.8,   163.2,   18.0,  0.01674,      0,      0,       0,       0,       0,       0
total,        875613,   47084,   47084,   47084,    19.3,    14.6,    48.3,    81.9,   134.7,   148.5,   19.0,  0.01589,      0,      0,       0,       0,       0,       0
total,        922516,   46903,   46903,   46903,    19.4,    15.2,    47.8,    79.4,   122.9,   166.7,   20.0,  0.01510,      0,      0,       0,       0,       0,       0
total,        971039,   48523,   48523,   48523,    18.7,    14.4,    46.6,    71.9,   116.2,   135.0,   21.0,  0.01438,      0,      0,       0,       0,       0,       0
total,       1018712,   47673,   47673,   47673,    18.9,    15.9,    43.8,    66.3,    79.4,   148.0,   22.0,  0.01373,      0,      0,       0,       0,       0,       0
total,       1065475,   46763,   46763,   46763,    19.6,    14.2,    52.8,    77.5,    99.4,   183.6,   23.0,  0.01315,      0,      0,       0,       0,       0,       0
total,       1112101,   46626,   46626,   46626,    19.5,    15.2,    46.4,    78.1,   136.3,   169.0,   24.0,  0.01260,      0,      0,       0,       0,       0,       0
total,       1160674,   48573,   48573,   48573,    18.8,    14.4,    50.1,    78.9,   134.2,   151.4,   25.0,  0.01211,      0,      0,       0,       0,       0,       0
total,       1207491,   46817,   46817,   46817,    19.5,    15.0,    55.2,    81.2,   122.3,   171.0,   26.0,  0.01164,      0,      0,       0,       0,       0,       0
total,       1256318,   48827,   48827,   48827,    18.6,    15.2,    43.5,    70.2,    90.5,   216.3,   27.0,  0.01184,      0,      0,       0,       0,       0,       0
total,       1304018,   47700,   47700,   47700,    19.1,    14.5,    47.2,    73.7,   107.3,   150.7,   28.0,  0.01142,      0,      0,       0,       0,       0,       0
total,       1350725,   46707,   46707,   46707,    19.5,    14.9,    51.1,    89.5,   114.6,   154.1,   29.0,  0.01106,      0,      0,       0,       0,       0,       0
total,       1398527,   47802,   47802,   47802,    19.0,    15.2,    47.7,    74.1,    89.2,   172.2,   30.0,  0.01071,      0,      0,       0,       0,       0,       0
total,       1399542,   30191,   30191,   30191,    32.9,    32.1,    45.4,    58.7,    77.9,    82.4,   30.0,  0.04671,      0,      0,       0,       0,       0,       0


Results:
Op rate                   :   46,599 op/s  [READ: 46,599 op/s]
Partition rate            :   46,599 pk/s  [READ: 46,599 pk/s]
Row rate                  :   46,599 row/s [READ: 46,599 row/s]
Latency mean              :   19.3 ms [READ: 19.3 ms]
Latency median            :   15.1 ms [READ: 15.1 ms]
Latency 95th percentile   :   48.7 ms [READ: 48.7 ms]
Latency 99th percentile   :   80.1 ms [READ: 80.1 ms]
Latency 99.9th percentile :  129.2 ms [READ: 129.2 ms]
Latency max               :  326.1 ms [READ: 326.1 ms]
Total partitions          :  1,399,542 [READ: 1,399,542]
Total errors              :          0 [READ: 0]
Total GC count            : 0
Total GC memory           : 0.000 KiB
Total GC time             :    0.0 seconds
Avg GC time               :    NaN ms
StdDev GC time            :    0.0 ms
Total operation time      : 00:00:30

             id, type       total ops,    op/s,    pk/s,   row/s,    mean,     med,     .95,     .99,    .999,     max,   time,   stderr, errors,  gc: #,  max ms,  sum ms,  sdv ms,      mb
  4 threadCount, READ,         583915,    9268,    9268,    9268,     0.4,     0.4,     0.7,     1.4,     5.7,    74.3,   63.0,  0.02184,      0,      0,       0,       0,       0,       0
  4 threadCount, total,        583915,    9268,    9268,    9268,     0.4,     0.4,     0.7,     1.4,     5.7,    74.3,   63.0,  0.02184,      0,      0,       0,       0,       0,       0
  8 threadCount, READ,         441978,   11630,   11630,   11630,     0.7,     0.5,     1.4,     3.1,     9.4,    58.2,   38.0,  0.02099,      0,      0,       0,       0,       0,       0
  8 threadCount, total,        441978,   11630,   11630,   11630,     0.7,     0.5,     1.4,     3.1,     9.4,    58.2,   38.0,  0.02099,      0,      0,       0,       0,       0,       0
 16 threadCount, READ,         489440,   14830,   14830,   14830,     1.1,     0.8,     2.3,     4.8,    14.5,    71.8,   33.0,  0.19256,      0,      0,       0,       0,       0,       0
 16 threadCount, total,        489440,   14830,   14830,   14830,     1.1,     0.8,     2.3,     4.8,    14.5,    71.8,   33.0,  0.19256,      0,      0,       0,       0,       0,       0
 24 threadCount, READ,         579871,   19327,   19327,   19327,     1.2,     1.0,     2.6,     5.2,    12.4,    40.2,   30.0,  1.06209,      0,      0,       0,       0,       0,       0
 24 threadCount, total,        579871,   19327,   19327,   19327,     1.2,     1.0,     2.6,     5.2,    12.4,    40.2,   30.0,  1.06209,      0,      0,       0,       0,       0,       0
 36 threadCount, READ,         678808,   22620,   22620,   22620,     1.6,     1.2,     3.6,     7.1,    17.2,    63.8,   30.0,  0.13533,      0,      0,       0,       0,       0,       0
 36 threadCount, total,        678808,   22620,   22620,   22620,     1.6,     1.2,     3.6,     7.1,    17.2,    63.8,   30.0,  0.13533,      0,      0,       0,       0,       0,       0
 54 threadCount, READ,         801316,   26699,   26699,   26699,     2.0,     1.6,     4.7,     9.3,    19.0,    70.3,   30.0,  0.08200,      0,      0,       0,       0,       0,       0
 54 threadCount, total,        801316,   26699,   26699,   26699,     2.0,     1.6,     4.7,     9.3,    19.0,    70.3,   30.0,  0.08200,      0,      0,       0,       0,       0,       0
 81 threadCount, READ,         918695,   30618,   30618,   30618,     2.6,     2.0,     6.3,    13.1,    24.9,    65.0,   30.0,  0.10858,      0,      0,       0,       0,       0,       0
 81 threadCount, total,        918695,   30618,   30618,   30618,     2.6,     2.0,     6.3,    13.1,    24.9,    65.0,   30.0,  0.10858,      0,      0,       0,       0,       0,       0
121 threadCount, READ,        1036972,   34553,   34553,   34553,     3.5,     2.6,     8.7,    17.0,    31.9,    91.8,   30.0,  0.04462,      0,      0,       0,       0,       0,       0
121 threadCount, total,       1036972,   34553,   34553,   34553,     3.5,     2.6,     8.7,    17.0,    31.9,    91.8,   30.0,  0.04462,      0,      0,       0,       0,       0,       0
181 threadCount, READ,        1143896,   38109,   38109,   38109,     4.7,     3.6,    12.2,    22.9,    40.0,   100.5,   30.0,  0.03761,      0,      0,       0,       0,       0,       0
181 threadCount, total,       1143896,   38109,   38109,   38109,     4.7,     3.6,    12.2,    22.9,    40.0,   100.5,   30.0,  0.03761,      0,      0,       0,       0,       0,       0
271 threadCount, READ,        1233032,   41067,   41067,   41067,     6.6,     4.9,    17.4,    31.0,    54.8,   174.7,   30.0,  0.06195,      0,      0,       0,       0,       0,       0
271 threadCount, total,       1233032,   41067,   41067,   41067,     6.6,     4.9,    17.4,    31.0,    54.8,   174.7,   30.0,  0.06195,      0,      0,       0,       0,       0,       0
406 threadCount, READ,        1290942,   43007,   43007,   43007,     9.4,     7.1,    24.6,    41.4,    70.3,   272.6,   30.0,  0.06592,      0,      0,       0,       0,       0,       0
406 threadCount, total,       1290942,   43007,   43007,   43007,     9.4,     7.1,    24.6,    41.4,    70.3,   272.6,   30.0,  0.06592,      0,      0,       0,       0,       0,       0
609 threadCount, READ,        1348710,   44894,   44894,   44894,    13.4,    10.4,    34.5,    54.6,    86.8,   183.0,   30.0,  0.04210,      0,      0,       0,       0,       0,       0
609 threadCount, total,       1348710,   44894,   44894,   44894,    13.4,    10.4,    34.5,    54.6,    86.8,   183.0,   30.0,  0.04210,      0,      0,       0,       0,       0,       0
913 threadCount, READ,        1399542,   46599,   46599,   46599,    19.3,    15.1,    48.7,    80.1,   129.2,   326.1,   30.0,  0.04671,      0,      0,       0,       0,       0,       0
913 threadCount, total,       1399542,   46599,   46599,   46599,    19.3,    15.1,    48.7,    80.1,   129.2,   326.1,   30.0,  0.04671,      0,      0,       0,       0,       0,       0
END
